[error] Form Validation Error Occured, 2023-12-05 15:02:55 
[error] [object Object],[object Object], 2023-12-05 15:02:55 
[error] Form Validation Error Occured, 2023-12-05 15:05:42 
[error] [object Object],[object Object], 2023-12-05 15:05:42 
[error] Form Validation Error Occured, 2023-12-05 15:08:45 
[error] [object Object],[object Object], 2023-12-05 15:08:45 
[error] Form Validation Error Occured, 2023-12-05 15:09:40 
[error] [object Object],[object Object], 2023-12-05 15:09:40 
[error] Form Validation Error Occured, 2023-12-05 15:13:11 
[error] [object Object],[object Object], 2023-12-05 15:13:11 
[error] Form Validation Error Occured, 2023-12-05 15:15:42 
[error] [object Object],[object Object], 2023-12-05 15:15:42 
[error] Form Validation Error Occured, 2023-12-05 15:18:17 
[error] [object Object],[object Object], 2023-12-05 15:18:17 
[error] body is not defined, 2023-12-05 15:19:50 
[error] body is not defined, 2023-12-05 15:26:55 
[error] Form Validation Error Occured, 2023-12-05 15:28:23 
[error] [object Object],[object Object], 2023-12-05 15:28:23 
[error] Form Validation Error Occured, 2023-12-05 15:34:06 
[error] [object Object],[object Object], 2023-12-05 15:34:06 
[error] Form Validation Error Occured, 2023-12-05 15:37:12 
[error] [object Object],[object Object], 2023-12-05 15:37:12 
[error] Form Validation Error Occured, 2023-12-05 15:43:40 
[error] [object Object],[object Object], 2023-12-05 15:43:40 
[error] Form Validation Error Occured, 2023-12-05 15:55:17 
[error] [object Object],[object Object], 2023-12-05 15:55:17 
[error] Form Validation Error Occured, 2023-12-05 15:56:26 
[error] [object Object],[object Object], 2023-12-05 15:56:26 
[error] Form Validation Error Occured, 2023-12-05 15:59:11 
[error] [object Object],[object Object], 2023-12-05 15:59:11 
[error] User already exists!!, 2023-12-05 16:34:10 
[error] User already exists!!, 2023-12-05 16:34:51 
[error] User already exists!!, 2023-12-05 16:36:25 
[error] User already exists!!, 2023-12-05 16:36:39 
[error] User already exists!!, 2023-12-05 16:38:10 
[error] User already exists!!, 2023-12-05 16:39:17 
[error] User already exists!!, 2023-12-05 16:41:03 
[error] User already exists!!, 2023-12-05 16:42:31 
[error] User already exists!!, 2023-12-05 16:42:52 
[error] User already exists!!, 2023-12-05 16:43:15 
[error] User already exists!!, 2023-12-05 16:43:37 
[error] User already exists!!, 2023-12-05 16:45:51 
[error] User already exists!!, 2023-12-05 16:47:14 
[error] User already exists!!, 2023-12-05 16:48:00 
[error] User already exists!!, 2023-12-05 16:48:04 
[error] User already exists!!, 2023-12-05 16:48:27 
[error] User already exists!!, 2023-12-05 16:48:30 
[error] User already exists!!, 2023-12-05 16:48:49 
[error] User already exists!!, 2023-12-05 16:49:16 
[error] User already exists!!, 2023-12-05 16:54:48 
[error] User already exists!!, 2023-12-05 16:55:17 
[error] User already exists!!, 2023-12-05 16:55:47 
[error] User already exists!!, 2023-12-05 17:00:20 
[error] User already exists!!, 2023-12-05 17:00:24 
[error] User already exists!!, 2023-12-05 17:00:38 
[error] Wrong Credentials!!!, 2023-12-06 15:16:40 
[error] Wrong Credentials!!!, 2023-12-06 15:16:44 
[error] Wrong Credentials!!!, 2023-12-06 15:19:12 
[error] Cannot read properties of undefined (reading '_id'), 2023-12-06 18:02:33 
[error] Cannot read properties of undefined (reading '_id'), 2023-12-06 18:03:49 
[error] Wrong Credentials!!!, 2023-12-07 13:10:53 
[error] User is not Registered!, 2023-12-07 13:11:05 
[error] User is not Registered!, 2023-12-07 13:11:07 
[error] Wrong Credentials!!!, 2023-12-07 23:29:24 
[error] Wrong Credentials!!!, 2023-12-07 23:29:45 
[error] Wrong Credentials!!!, 2023-12-07 23:29:54 
[error] Wrong Credentials!!!, 2023-12-07 23:31:00 
[error] Operation `tasks.find()` buffering timed out after 10000ms, 2023-12-08 10:38:23 
[error] User already exists!!, 2023-12-08 11:14:50 
[error] User already exists!!, 2023-12-08 11:18:35 
[error] User already exists!!, 2023-12-08 11:19:26 
[error] User already exists!!, 2023-12-08 11:29:53 
[error] User already exists!!, 2023-12-08 11:30:56 
[error] User already exists!!, 2023-12-08 11:30:58 
[error] User already exists!!, 2023-12-08 11:31:00 
[error] Wrong Credentials!!!, 2023-12-08 11:35:06 
[error] Wrong Credentials!!!, 2023-12-11 12:16:48 
[error] Wrong Credentials!!!, 2023-12-11 12:16:52 
[error] Wrong Credentials!!!, 2023-12-11 12:16:54 
[error] Wrong Credentials!!!, 2023-12-11 12:17:40 
[error] Wrong Credentials!!!, 2023-12-11 12:18:08 
[error] Wrong Credentials!!!, 2023-12-11 12:18:28 
[error] Wrong Credentials!!!, 2023-12-11 12:19:00 
[error] Form Validation Error Occured, 2023-12-11 12:19:10 
[error] [object Object],[object Object], 2023-12-11 12:19:10 
[error] Wrong Credentials!!!, 2023-12-11 12:20:21 
[error] Wrong Credentials!!!, 2023-12-11 12:21:28 
[error] User is not Registered!, 2023-12-11 12:21:53 
[error] Wrong Credentials!!!, 2023-12-11 12:24:57 
[error] User is not Registered!, 2023-12-11 12:25:21 
[error] Wrong Credentials!!!, 2023-12-11 12:25:40 
[error] Wrong Credentials!!!, 2023-12-11 12:29:40 
[error] User is not Registered!, 2023-12-11 12:29:48 
[error] User already exists!!, 2023-12-11 12:37:53 
