[info] Server is started running, You are listening the port: 10000, 2023-12-05 12:24:28 
[info] Server is running!
API documentation: http://localhost:10000/doc, 2023-12-05 12:24:28 
[info] Connect to mongoDb Server: ac-2zusv6v-shard-00-00.lq7uklz.mongodb.net, 2023-12-05 12:24:29 
[info] Server is started running, You are listening the port: 10000, 2023-12-05 12:24:53 
[info] Server is running!
API documentation: http://localhost:10000/doc, 2023-12-05 12:24:53 
[info] Connect to mongoDb Server: ac-2zusv6v-shard-00-02.lq7uklz.mongodb.net, 2023-12-05 12:24:54 
[info] Server is started running, You are listening the port: 10000, 2023-12-05 12:25:25 
[info] Server is running!
API documentation: http://localhost:10000/doc, 2023-12-05 12:25:25 
[info] Connect to mongoDb Server: ac-2zusv6v-shard-00-02.lq7uklz.mongodb.net, 2023-12-05 12:25:26 
[info] Server is started running, You are listening the port: 10000, 2023-12-05 12:25:35 
[info] Server is running!
API documentation: http://localhost:10000/doc, 2023-12-05 12:25:35 
[info] Connect to mongoDb Server: ac-2zusv6v-shard-00-00.lq7uklz.mongodb.net, 2023-12-05 12:25:36 
[info] Server is started running, You are listening the port: 10000, 2023-12-05 12:38:36 
[info] Server is running!
API documentation: http://localhost:10000/doc, 2023-12-05 12:38:36 
[info] Connect to mongoDb Server: ac-2zusv6v-shard-00-00.lq7uklz.mongodb.net, 2023-12-05 12:38:37 
[info] Server is started running, You are listening the port: 10000, 2023-12-05 15:02:40 
[info] Server is running!
API documentation: http://localhost:10000/doc, 2023-12-05 15:02:40 
[info] Connect to mongoDb Server: ac-2zusv6v-shard-00-00.lq7uklz.mongodb.net, 2023-12-05 15:02:41 
[error] Form Validation Error Occured, 2023-12-05 15:02:55 
[error] [object Object],[object Object], 2023-12-05 15:02:55 
[error] Form Validation Error Occured, 2023-12-05 15:05:42 
[error] [object Object],[object Object], 2023-12-05 15:05:42 
[info] Server is started running, You are listening the port: 10000, 2023-12-05 15:08:07 
[info] Server is running!
API documentation: http://localhost:10000/doc, 2023-12-05 15:08:07 
[info] Server is started running, You are listening the port: 10000, 2023-12-05 15:08:09 
[info] Server is running!
API documentation: http://localhost:10000/doc, 2023-12-05 15:08:09 
[info] Connect to mongoDb Server: ac-2zusv6v-shard-00-02.lq7uklz.mongodb.net, 2023-12-05 15:08:09 
[info] Server is started running, You are listening the port: 10000, 2023-12-05 15:08:14 
[info] Server is running!
API documentation: http://localhost:10000/doc, 2023-12-05 15:08:14 
[info] Connect to mongoDb Server: ac-2zusv6v-shard-00-02.lq7uklz.mongodb.net, 2023-12-05 15:08:15 
[info] Server is started running, You are listening the port: 10000, 2023-12-05 15:08:18 
[info] Server is running!
API documentation: http://localhost:10000/doc, 2023-12-05 15:08:18 
[info] Connect to mongoDb Server: ac-2zusv6v-shard-00-02.lq7uklz.mongodb.net, 2023-12-05 15:08:18 
[info] Server is started running, You are listening the port: 10000, 2023-12-05 15:08:20 
[info] Server is running!
API documentation: http://localhost:10000/doc, 2023-12-05 15:08:20 
[info] Connect to mongoDb Server: ac-2zusv6v-shard-00-02.lq7uklz.mongodb.net, 2023-12-05 15:08:21 
[error] Form Validation Error Occured, 2023-12-05 15:08:45 
[error] [object Object],[object Object], 2023-12-05 15:08:45 
[info] Server is started running, You are listening the port: 10000, 2023-12-05 15:09:15 
[info] Server is running!
API documentation: http://localhost:10000/doc, 2023-12-05 15:09:15 
[info] Connect to mongoDb Server: ac-2zusv6v-shard-00-00.lq7uklz.mongodb.net, 2023-12-05 15:09:16 
[info] Server is started running, You are listening the port: 10000, 2023-12-05 15:09:28 
[info] Server is running!
API documentation: http://localhost:10000/doc, 2023-12-05 15:09:28 
[info] Connect to mongoDb Server: ac-2zusv6v-shard-00-02.lq7uklz.mongodb.net, 2023-12-05 15:09:29 
[error] Form Validation Error Occured, 2023-12-05 15:09:40 
[error] [object Object],[object Object], 2023-12-05 15:09:40 
[info] Server is started running, You are listening the port: 10000, 2023-12-05 15:12:00 
[info] Server is running!
API documentation: http://localhost:10000/doc, 2023-12-05 15:12:00 
[info] Connect to mongoDb Server: ac-2zusv6v-shard-00-00.lq7uklz.mongodb.net, 2023-12-05 15:12:01 
[info] Server is started running, You are listening the port: 10000, 2023-12-05 15:12:06 
[info] Server is running!
API documentation: http://localhost:10000/doc, 2023-12-05 15:12:06 
[info] Connect to mongoDb Server: ac-2zusv6v-shard-00-02.lq7uklz.mongodb.net, 2023-12-05 15:12:06 
[info] Server is started running, You are listening the port: 10000, 2023-12-05 15:12:10 
[info] Server is running!
API documentation: http://localhost:10000/doc, 2023-12-05 15:12:10 
[info] Connect to mongoDb Server: ac-2zusv6v-shard-00-02.lq7uklz.mongodb.net, 2023-12-05 15:12:11 
[info] Server is started running, You are listening the port: 10000, 2023-12-05 15:12:51 
[info] Server is running!
API documentation: http://localhost:10000/doc, 2023-12-05 15:12:51 
[info] Connect to mongoDb Server: ac-2zusv6v-shard-00-02.lq7uklz.mongodb.net, 2023-12-05 15:12:53 
[error] Form Validation Error Occured, 2023-12-05 15:13:11 
[error] [object Object],[object Object], 2023-12-05 15:13:11 
[info] Server is started running, You are listening the port: 10000, 2023-12-05 15:14:38 
[info] Server is running!
API documentation: http://localhost:10000/doc, 2023-12-05 15:14:38 
[info] Connect to mongoDb Server: ac-2zusv6v-shard-00-00.lq7uklz.mongodb.net, 2023-12-05 15:14:55 
[info] Server is started running, You are listening the port: 10000, 2023-12-05 15:15:06 
[info] Server is running!
API documentation: http://localhost:10000/doc, 2023-12-05 15:15:06 
[info] Connect to mongoDb Server: ac-2zusv6v-shard-00-00.lq7uklz.mongodb.net, 2023-12-05 15:15:12 
[error] Form Validation Error Occured, 2023-12-05 15:15:42 
[error] [object Object],[object Object], 2023-12-05 15:15:42 
[info] Server is started running, You are listening the port: 10000, 2023-12-05 15:17:10 
[info] Server is running!
API documentation: http://localhost:10000/doc, 2023-12-05 15:17:10 
[info] Connect to mongoDb Server: ac-2zusv6v-shard-00-00.lq7uklz.mongodb.net, 2023-12-05 15:17:11 
[info] Server is started running, You are listening the port: 10000, 2023-12-05 15:17:14 
[info] Server is running!
API documentation: http://localhost:10000/doc, 2023-12-05 15:17:14 
[info] Connect to mongoDb Server: ac-2zusv6v-shard-00-02.lq7uklz.mongodb.net, 2023-12-05 15:17:14 
[info] Server is started running, You are listening the port: 10000, 2023-12-05 15:17:32 
[info] Server is running!
API documentation: http://localhost:10000/doc, 2023-12-05 15:17:32 
[info] Connect to mongoDb Server: ac-2zusv6v-shard-00-00.lq7uklz.mongodb.net, 2023-12-05 15:17:33 
[error] Form Validation Error Occured, 2023-12-05 15:18:17 
[error] [object Object],[object Object], 2023-12-05 15:18:17 
[info] Server is started running, You are listening the port: 10000, 2023-12-05 15:18:52 
[info] Server is running!
API documentation: http://localhost:10000/doc, 2023-12-05 15:18:52 
[info] Server is started running, You are listening the port: 10000, 2023-12-05 15:18:54 
[info] Server is running!
API documentation: http://localhost:10000/doc, 2023-12-05 15:18:54 
[info] Connect to mongoDb Server: ac-2zusv6v-shard-00-02.lq7uklz.mongodb.net, 2023-12-05 15:18:55 
[error] body is not defined, 2023-12-05 15:19:50 
[error] body is not defined, 2023-12-05 15:26:55 
[info] Server is started running, You are listening the port: 10000, 2023-12-05 15:28:08 
[info] Server is running!
API documentation: http://localhost:10000/doc, 2023-12-05 15:28:08 
[info] Connect to mongoDb Server: ac-2zusv6v-shard-00-00.lq7uklz.mongodb.net, 2023-12-05 15:28:09 
[error] Form Validation Error Occured, 2023-12-05 15:28:23 
[error] [object Object],[object Object], 2023-12-05 15:28:23 
[error] Form Validation Error Occured, 2023-12-05 15:34:06 
[error] [object Object],[object Object], 2023-12-05 15:34:06 
[error] Form Validation Error Occured, 2023-12-05 15:37:12 
[error] [object Object],[object Object], 2023-12-05 15:37:12 
[error] Form Validation Error Occured, 2023-12-05 15:43:40 
[error] [object Object],[object Object], 2023-12-05 15:43:40 
[error] Form Validation Error Occured, 2023-12-05 15:55:17 
[error] [object Object],[object Object], 2023-12-05 15:55:17 
[error] Form Validation Error Occured, 2023-12-05 15:56:26 
[error] [object Object],[object Object], 2023-12-05 15:56:26 
[error] Form Validation Error Occured, 2023-12-05 15:59:11 
[error] [object Object],[object Object], 2023-12-05 15:59:11 
[info] Server is started running, You are listening the port: 10000, 2023-12-05 16:00:30 
[info] Server is running!
API documentation: http://localhost:10000/doc, 2023-12-05 16:00:30 
[info] Connect to mongoDb Server: ac-2zusv6v-shard-00-00.lq7uklz.mongodb.net, 2023-12-05 16:00:31 
[info] Server is started running, You are listening the port: 10000, 2023-12-05 16:13:56 
[info] Server is running!
API documentation: http://localhost:10000/doc, 2023-12-05 16:13:56 
[info] Connect to mongoDb Server: ac-2zusv6v-shard-00-00.lq7uklz.mongodb.net, 2023-12-05 16:13:56 
[info] User Successfully registered!! You can login!, 2023-12-05 16:33:56 
[error] User already exists!!, 2023-12-05 16:34:10 
[error] User already exists!!, 2023-12-05 16:34:51 
[info] Server is started running, You are listening the port: 10000, 2023-12-05 16:35:42 
[info] Server is running!
API documentation: http://localhost:10000/doc, 2023-12-05 16:35:42 
[info] Connect to mongoDb Server: ac-2zusv6v-shard-00-00.lq7uklz.mongodb.net, 2023-12-05 16:35:43 
[error] User already exists!!, 2023-12-05 16:36:25 
[error] User already exists!!, 2023-12-05 16:36:39 
[error] User already exists!!, 2023-12-05 16:38:10 
[error] User already exists!!, 2023-12-05 16:39:17 
[info] User Successfully registered!! You can login!, 2023-12-05 16:40:15 
[error] User already exists!!, 2023-12-05 16:41:03 
[info] User Successfully registered!! You can login!, 2023-12-05 16:41:44 
[error] User already exists!!, 2023-12-05 16:42:31 
[error] User already exists!!, 2023-12-05 16:42:52 
[error] User already exists!!, 2023-12-05 16:43:15 
[error] User already exists!!, 2023-12-05 16:43:37 
[info] Server is started running, You are listening the port: 10000, 2023-12-05 16:45:38 
[info] Server is running!
API documentation: http://localhost:10000/doc, 2023-12-05 16:45:38 
[info] Connect to mongoDb Server: ac-2zusv6v-shard-00-00.lq7uklz.mongodb.net, 2023-12-05 16:45:38 
[info] Server is started running, You are listening the port: 10000, 2023-12-05 16:45:40 
[info] Server is running!
API documentation: http://localhost:10000/doc, 2023-12-05 16:45:40 
[info] Connect to mongoDb Server: ac-2zusv6v-shard-00-02.lq7uklz.mongodb.net, 2023-12-05 16:45:40 
[info] Server is started running, You are listening the port: 10000, 2023-12-05 16:45:45 
[info] Server is running!
API documentation: http://localhost:10000/doc, 2023-12-05 16:45:45 
[info] Connect to mongoDb Server: ac-2zusv6v-shard-00-02.lq7uklz.mongodb.net, 2023-12-05 16:45:46 
[error] User already exists!!, 2023-12-05 16:45:51 
[info] Server is started running, You are listening the port: 10000, 2023-12-05 16:47:05 
[info] Server is running!
API documentation: http://localhost:10000/doc, 2023-12-05 16:47:05 
[info] Server is started running, You are listening the port: 10000, 2023-12-05 16:47:06 
[info] Server is running!
API documentation: http://localhost:10000/doc, 2023-12-05 16:47:06 
[info] Connect to mongoDb Server: ac-2zusv6v-shard-00-02.lq7uklz.mongodb.net, 2023-12-05 16:47:08 
[error] User already exists!!, 2023-12-05 16:47:14 
[error] User already exists!!, 2023-12-05 16:48:00 
[error] User already exists!!, 2023-12-05 16:48:04 
[error] User already exists!!, 2023-12-05 16:48:27 
[error] User already exists!!, 2023-12-05 16:48:30 
[error] User already exists!!, 2023-12-05 16:48:49 
[error] User already exists!!, 2023-12-05 16:49:16 
[error] User already exists!!, 2023-12-05 16:54:48 
[error] User already exists!!, 2023-12-05 16:55:17 
[error] User already exists!!, 2023-12-05 16:55:47 
[info] User Successfully registered!! You can login!, 2023-12-05 16:58:47 
[error] User already exists!!, 2023-12-05 17:00:20 
[error] User already exists!!, 2023-12-05 17:00:24 
[error] User already exists!!, 2023-12-05 17:00:38 
[info] Server is started running, You are listening the port: 10000, 2023-12-05 17:05:12 
[info] Server is running!
API documentation: http://localhost:10000/doc, 2023-12-05 17:05:12 
[info] Connect to mongoDb Server: ac-2zusv6v-shard-00-00.lq7uklz.mongodb.net, 2023-12-05 17:05:13 
[info] Server is started running, You are listening the port: 10000, 2023-12-05 18:47:12 
[info] Server is running!
API documentation: http://localhost:10000/doc, 2023-12-05 18:47:12 
[info] Connect to mongoDb Server: ac-2zusv6v-shard-00-00.lq7uklz.mongodb.net, 2023-12-05 18:47:13 
[info] Server is started running, You are listening the port: 10000, 2023-12-05 18:47:18 
[info] Server is running!
API documentation: http://localhost:10000/doc, 2023-12-05 18:47:18 
[info] Connect to mongoDb Server: ac-2zusv6v-shard-00-02.lq7uklz.mongodb.net, 2023-12-05 18:47:18 
[info] Server is started running, You are listening the port: 10000, 2023-12-05 18:47:24 
[info] Server is running!
API documentation: http://localhost:10000/doc, 2023-12-05 18:47:24 
[info] Connect to mongoDb Server: ac-2zusv6v-shard-00-02.lq7uklz.mongodb.net, 2023-12-05 18:47:25 
[info] Server is started running, You are listening the port: 10000, 2023-12-05 18:48:06 
[info] Server is running!
API documentation: http://localhost:10000/doc, 2023-12-05 18:48:06 
[info] Connect to mongoDb Server: ac-2zusv6v-shard-00-02.lq7uklz.mongodb.net, 2023-12-05 18:48:07 
[info] Server is started running, You are listening the port: 10000, 2023-12-05 18:48:27 
[info] Server is running!
API documentation: http://localhost:10000/doc, 2023-12-05 18:48:27 
[info] Connect to mongoDb Server: ac-2zusv6v-shard-00-00.lq7uklz.mongodb.net, 2023-12-05 18:48:28 
[info] Server is started running, You are listening the port: 10000, 2023-12-05 18:49:01 
[info] Server is running!
API documentation: http://localhost:10000/doc, 2023-12-05 18:49:01 
[info] Connect to mongoDb Server: ac-2zusv6v-shard-00-02.lq7uklz.mongodb.net, 2023-12-05 18:49:01 
[info] Server is started running, You are listening the port: 10000, 2023-12-05 18:50:11 
[info] Server is running!
API documentation: http://localhost:10000/doc, 2023-12-05 18:50:11 
[info] Connect to mongoDb Server: ac-2zusv6v-shard-00-00.lq7uklz.mongodb.net, 2023-12-05 18:50:12 
[info] Server is started running, You are listening the port: 10000, 2023-12-05 18:50:45 
[info] Server is running!
API documentation: http://localhost:10000/doc, 2023-12-05 18:50:45 
[info] Connect to mongoDb Server: ac-2zusv6v-shard-00-02.lq7uklz.mongodb.net, 2023-12-05 18:50:45 
[info] Server is started running, You are listening the port: 10000, 2023-12-06 15:16:34 
[info] Server is running!
API documentation: http://localhost:10000/doc, 2023-12-06 15:16:34 
[info] Connect to mongoDb Server: ac-2zusv6v-shard-00-00.lq7uklz.mongodb.net, 2023-12-06 15:16:35 
[error] Wrong Credentials!!!, 2023-12-06 15:16:40 
[error] Wrong Credentials!!!, 2023-12-06 15:16:44 
[error] Wrong Credentials!!!, 2023-12-06 15:19:12 
[info] You have no any current Task!, 2023-12-06 17:31:37 
[info] Server is started running, You are listening the port: 10000, 2023-12-06 17:32:15 
[info] Server is running!
API documentation: http://localhost:10000/doc, 2023-12-06 17:32:15 
[info] Server is started running, You are listening the port: 10000, 2023-12-06 17:32:21 
[info] Server is started running, You are listening the port: 10000, 2023-12-06 17:32:22 
[info] Server is running!
API documentation: http://localhost:10000/doc, 2023-12-06 17:32:22 
[info] Connect to mongoDb Server: ac-2zusv6v-shard-00-02.lq7uklz.mongodb.net, 2023-12-06 17:32:23 
[info] You have no any current Task!, 2023-12-06 17:32:36 
[info] Server is started running, You are listening the port: 10000, 2023-12-06 17:33:03 
[info] Server is running!
API documentation: http://localhost:10000/doc, 2023-12-06 17:33:03 
[info] Server is started running, You are listening the port: 10000, 2023-12-06 17:33:05 
[info] Server is running!
API documentation: http://localhost:10000/doc, 2023-12-06 17:33:05 
[info] Server is started running, You are listening the port: 10000, 2023-12-06 17:33:07 
[info] Server is running!
API documentation: http://localhost:10000/doc, 2023-12-06 17:33:07 
[info] Connect to mongoDb Server: ac-2zusv6v-shard-00-02.lq7uklz.mongodb.net, 2023-12-06 17:33:08 
[info] You have no any current Task!, 2023-12-06 17:33:36 
[info] Server is started running, You are listening the port: 10000, 2023-12-06 17:44:38 
[info] Server is running!
API documentation: http://localhost:10000/doc, 2023-12-06 17:44:38 
[info] Connect to mongoDb Server: ac-2zusv6v-shard-00-00.lq7uklz.mongodb.net, 2023-12-06 17:44:41 
[info] Server is started running, You are listening the port: 10000, 2023-12-06 17:46:47 
[info] Server is running!
API documentation: http://localhost:10000/doc, 2023-12-06 17:46:47 
[info] Connect to mongoDb Server: ac-2zusv6v-shard-00-00.lq7uklz.mongodb.net, 2023-12-06 17:46:48 
[info] You have no any current Task!, 2023-12-06 17:47:02 
[info] Server is started running, You are listening the port: 10000, 2023-12-06 17:48:22 
[info] Server is running!
API documentation: http://localhost:10000/doc, 2023-12-06 17:48:22 
[info] Connect to mongoDb Server: ac-2zusv6v-shard-00-00.lq7uklz.mongodb.net, 2023-12-06 17:48:23 
[info] Server is started running, You are listening the port: 10000, 2023-12-06 17:48:30 
[info] Server is running!
API documentation: http://localhost:10000/doc, 2023-12-06 17:48:30 
[info] Connect to mongoDb Server: ac-2zusv6v-shard-00-02.lq7uklz.mongodb.net, 2023-12-06 17:48:31 
[info] Server is started running, You are listening the port: 10000, 2023-12-06 17:48:37 
[info] Server is running!
API documentation: http://localhost:10000/doc, 2023-12-06 17:48:37 
[info] Server is started running, You are listening the port: 10000, 2023-12-06 17:48:38 
[info] Server is running!
API documentation: http://localhost:10000/doc, 2023-12-06 17:48:38 
[info] Connect to mongoDb Server: ac-2zusv6v-shard-00-02.lq7uklz.mongodb.net, 2023-12-06 17:48:38 
[info] You have no any current Task!, 2023-12-06 17:48:58 
[info] Server is started running, You are listening the port: 10000, 2023-12-06 17:49:09 
[info] Server is running!
API documentation: http://localhost:10000/doc, 2023-12-06 17:49:09 
[info] Connect to mongoDb Server: ac-2zusv6v-shard-00-02.lq7uklz.mongodb.net, 2023-12-06 17:49:09 
[info] Server is started running, You are listening the port: 10000, 2023-12-06 17:49:49 
[info] Server is running!
API documentation: http://localhost:10000/doc, 2023-12-06 17:49:49 
[info] Server is started running, You are listening the port: 10000, 2023-12-06 17:49:50 
[info] Server is running!
API documentation: http://localhost:10000/doc, 2023-12-06 17:49:50 
[info] Server is started running, You are listening the port: 10000, 2023-12-06 17:49:52 
[info] Server is running!
API documentation: http://localhost:10000/doc, 2023-12-06 17:49:52 
[info] Connect to mongoDb Server: ac-2zusv6v-shard-00-02.lq7uklz.mongodb.net, 2023-12-06 17:49:53 
[info] You have no any current Task!, 2023-12-06 17:50:02 
[info] You have no any current Task!, 2023-12-06 17:53:00 
[info] Server is started running, You are listening the port: 10000, 2023-12-06 17:53:10 
[info] Server is running!
API documentation: http://localhost:10000/doc, 2023-12-06 17:53:10 
[info] Connect to mongoDb Server: ac-2zusv6v-shard-00-00.lq7uklz.mongodb.net, 2023-12-06 17:53:11 
[info] You have no any current Task!, 2023-12-06 17:53:31 
[info] Server is started running, You are listening the port: 10000, 2023-12-06 17:54:52 
[info] Server is running!
API documentation: http://localhost:10000/doc, 2023-12-06 17:54:52 
[info] Connect to mongoDb Server: ac-2zusv6v-shard-00-00.lq7uklz.mongodb.net, 2023-12-06 17:54:53 
[info] You have no any current Task!, 2023-12-06 17:55:49 
[info] Server is started running, You are listening the port: 10000, 2023-12-06 17:56:06 
[info] Server is running!
API documentation: http://localhost:10000/doc, 2023-12-06 17:56:06 
[info] Connect to mongoDb Server: ac-2zusv6v-shard-00-00.lq7uklz.mongodb.net, 2023-12-06 17:56:08 
[info] You have no any current Task!, 2023-12-06 17:56:30 
[info] Server is started running, You are listening the port: 10000, 2023-12-06 17:57:39 
[info] Server is running!
API documentation: http://localhost:10000/doc, 2023-12-06 17:57:39 
[info] Connect to mongoDb Server: ac-2zusv6v-shard-00-00.lq7uklz.mongodb.net, 2023-12-06 17:57:39 
[info] You have no any current Task!, 2023-12-06 17:57:52 
[info] Server is started running, You are listening the port: 10000, 2023-12-06 17:58:03 
[info] Server is running!
API documentation: http://localhost:10000/doc, 2023-12-06 17:58:03 
[info] Connect to mongoDb Server: ac-2zusv6v-shard-00-02.lq7uklz.mongodb.net, 2023-12-06 17:58:04 
[info] You have no any current Task!, 2023-12-06 17:58:32 
[info] Server is started running, You are listening the port: 10000, 2023-12-06 17:59:54 
[info] Server is running!
API documentation: http://localhost:10000/doc, 2023-12-06 17:59:54 
[info] Connect to mongoDb Server: ac-2zusv6v-shard-00-00.lq7uklz.mongodb.net, 2023-12-06 17:59:54 
[info] Server is started running, You are listening the port: 10000, 2023-12-06 18:01:06 
[info] Server is running!
API documentation: http://localhost:10000/doc, 2023-12-06 18:01:06 
[info] Connect to mongoDb Server: ac-2zusv6v-shard-00-00.lq7uklz.mongodb.net, 2023-12-06 18:01:08 
[info] Server is started running, You are listening the port: 10000, 2023-12-06 18:01:13 
[info] Server is running!
API documentation: http://localhost:10000/doc, 2023-12-06 18:01:13 
[info] Server is started running, You are listening the port: 10000, 2023-12-06 18:01:14 
[info] Server is running!
API documentation: http://localhost:10000/doc, 2023-12-06 18:01:14 
[info] Connect to mongoDb Server: ac-2zusv6v-shard-00-02.lq7uklz.mongodb.net, 2023-12-06 18:01:15 
[info] Server is started running, You are listening the port: 10000, 2023-12-06 18:01:25 
[info] Server is running!
API documentation: http://localhost:10000/doc, 2023-12-06 18:01:25 
[info] Connect to mongoDb Server: ac-2zusv6v-shard-00-00.lq7uklz.mongodb.net, 2023-12-06 18:01:52 
[info] Server is started running, You are listening the port: 10000, 2023-12-06 18:02:20 
[info] Server is running!
API documentation: http://localhost:10000/doc, 2023-12-06 18:02:20 
[info] Connect to mongoDb Server: ac-2zusv6v-shard-00-00.lq7uklz.mongodb.net, 2023-12-06 18:02:22 
[info] Server is started running, You are listening the port: 10000, 2023-12-06 18:02:27 
[info] Server is running!
API documentation: http://localhost:10000/doc, 2023-12-06 18:02:27 
[info] Connect to mongoDb Server: ac-2zusv6v-shard-00-02.lq7uklz.mongodb.net, 2023-12-06 18:02:28 
[error] Cannot read properties of undefined (reading '_id'), 2023-12-06 18:02:33 
[info] Server is started running, You are listening the port: 10000, 2023-12-06 18:02:41 
[info] Server is running!
API documentation: http://localhost:10000/doc, 2023-12-06 18:02:41 
[info] Connect to mongoDb Server: ac-2zusv6v-shard-00-00.lq7uklz.mongodb.net, 2023-12-06 18:02:41 
[info] Server is started running, You are listening the port: 10000, 2023-12-06 18:02:52 
[info] Server is running!
API documentation: http://localhost:10000/doc, 2023-12-06 18:02:52 
[info] Connect to mongoDb Server: ac-2zusv6v-shard-00-02.lq7uklz.mongodb.net, 2023-12-06 18:02:52 
[info] Server is started running, You are listening the port: 10000, 2023-12-06 18:03:14 
[info] Server is running!
API documentation: http://localhost:10000/doc, 2023-12-06 18:03:14 
[info] Connect to mongoDb Server: ac-2zusv6v-shard-00-02.lq7uklz.mongodb.net, 2023-12-06 18:03:14 
[info] Server is started running, You are listening the port: 10000, 2023-12-06 18:03:29 
[info] Server is running!
API documentation: http://localhost:10000/doc, 2023-12-06 18:03:29 
[info] Server is started running, You are listening the port: 10000, 2023-12-06 18:03:30 
[info] Server is running!
API documentation: http://localhost:10000/doc, 2023-12-06 18:03:30 
[info] Connect to mongoDb Server: ac-2zusv6v-shard-00-02.lq7uklz.mongodb.net, 2023-12-06 18:03:31 
[info] Server is started running, You are listening the port: 10000, 2023-12-06 18:03:45 
[info] Server is running!
API documentation: http://localhost:10000/doc, 2023-12-06 18:03:45 
[info] Connect to mongoDb Server: ac-2zusv6v-shard-00-00.lq7uklz.mongodb.net, 2023-12-06 18:03:45 
[error] Cannot read properties of undefined (reading '_id'), 2023-12-06 18:03:49 
[info] Server is started running, You are listening the port: 10000, 2023-12-06 18:04:38 
[info] Server is running!
API documentation: http://localhost:10000/doc, 2023-12-06 18:04:39 
[info] Connect to mongoDb Server: ac-2zusv6v-shard-00-02.lq7uklz.mongodb.net, 2023-12-06 18:04:39 
[info] Server is started running, You are listening the port: 10000, 2023-12-06 18:04:51 
[info] Server is running!
API documentation: http://localhost:10000/doc, 2023-12-06 18:04:51 
[info] Connect to mongoDb Server: ac-2zusv6v-shard-00-00.lq7uklz.mongodb.net, 2023-12-06 18:04:52 
[info] Server is started running, You are listening the port: 10000, 2023-12-06 18:04:56 
[info] Server is running!
API documentation: http://localhost:10000/doc, 2023-12-06 18:04:56 
[info] Connect to mongoDb Server: ac-2zusv6v-shard-00-02.lq7uklz.mongodb.net, 2023-12-06 18:04:57 
[info] You have no any current Task!, 2023-12-06 18:05:08 
[info] Server is started running, You are listening the port: 10000, 2023-12-06 18:05:31 
[info] Server is running!
API documentation: http://localhost:10000/doc, 2023-12-06 18:05:31 
[info] Connect to mongoDb Server: ac-2zusv6v-shard-00-02.lq7uklz.mongodb.net, 2023-12-06 18:05:31 
[info] You have no any current Task!, 2023-12-06 18:06:09 
[info] Server is started running, You are listening the port: 10000, 2023-12-06 18:07:40 
[info] Server is running!
API documentation: http://localhost:10000/doc, 2023-12-06 18:07:40 
[info] Connect to mongoDb Server: ac-2zusv6v-shard-00-02.lq7uklz.mongodb.net, 2023-12-06 18:07:41 
[info] You have no any current Task!, 2023-12-06 18:07:59 
[info] Server is started running, You are listening the port: 10000, 2023-12-06 18:08:17 
[info] Server is running!
API documentation: http://localhost:10000/doc, 2023-12-06 18:08:17 
[info] Connect to mongoDb Server: ac-2zusv6v-shard-00-02.lq7uklz.mongodb.net, 2023-12-06 18:08:17 
[info] You have no any current Task!, 2023-12-06 18:11:46 
[info] You have no any current Task!, 2023-12-06 18:14:41 
[info] Server is started running, You are listening the port: 10000, 2023-12-06 18:16:04 
[info] Server is running!
API documentation: http://localhost:10000/doc, 2023-12-06 18:16:04 
[info] Connect to mongoDb Server: ac-2zusv6v-shard-00-00.lq7uklz.mongodb.net, 2023-12-06 18:16:05 
[info] You have no any current Task!, 2023-12-06 18:41:03 
[info] You have no any current Task!, 2023-12-06 18:47:26 
[info] You have no any current Task!, 2023-12-06 18:49:39 
[info] You have no any current Task!, 2023-12-06 18:49:49 
[info] Server is started running, You are listening the port: 10000, 2023-12-07 10:17:18 
[info] Server is running!
API documentation: http://localhost:10000/doc, 2023-12-07 10:17:18 
[info] Connect to mongoDb Server: ac-2zusv6v-shard-00-00.lq7uklz.mongodb.net, 2023-12-07 10:17:18 
[info] Successfully created you task!, 2023-12-07 10:21:16 
[info] Successfully created you task!, 2023-12-07 10:21:27 
[info] Successfully created you task!, 2023-12-07 10:21:56 
[info] All task have been responded!, 2023-12-07 10:22:14 
[info] All task have been responded!, 2023-12-07 10:22:41 
[info] All task have been responded!, 2023-12-07 10:23:17 
[info] All task have been responded!, 2023-12-07 10:27:53 
[info] All task have been responded!, 2023-12-07 10:33:14 
[info] All task have been responded!, 2023-12-07 10:37:35 
[info] All task have been responded!, 2023-12-07 10:39:43 
[info] All task have been responded!, 2023-12-07 10:44:49 
[info] All task have been responded!, 2023-12-07 11:10:19 
[info] All task have been responded!, 2023-12-07 11:10:59 
[info] Successfully created you task!, 2023-12-07 11:14:36 
[info] Successfully created you task!, 2023-12-07 11:15:22 
[info] All task have been responded!, 2023-12-07 11:15:28 
[info] All task have been responded!, 2023-12-07 11:19:40 
[info] All task have been responded!, 2023-12-07 11:28:58 
[info] Server is started running, You are listening the port: 10000, 2023-12-07 12:30:02 
[info] Server is running!
API documentation: http://localhost:10000/doc, 2023-12-07 12:30:02 
[info] Server is started running, You are listening the port: 10000, 2023-12-07 12:30:08 
[info] Server is running!
API documentation: http://localhost:10000/doc, 2023-12-07 12:30:08 
[info] Connect to mongoDb Server: ac-2zusv6v-shard-00-02.lq7uklz.mongodb.net, 2023-12-07 12:30:09 
[info] Server is started running, You are listening the port: 10000, 2023-12-07 12:32:20 
[info] Server is running!
API documentation: http://localhost:10000/doc, 2023-12-07 12:32:20 
[info] Connect to mongoDb Server: ac-2zusv6v-shard-00-00.lq7uklz.mongodb.net, 2023-12-07 12:32:37 
[info] Server is started running, You are listening the port: 10000, 2023-12-07 12:33:40 
[info] Server is running!
API documentation: http://localhost:10000/doc, 2023-12-07 12:33:40 
[info] Connect to mongoDb Server: ac-2zusv6v-shard-00-00.lq7uklz.mongodb.net, 2023-12-07 12:33:55 
[info] Server is started running, You are listening the port: 10000, 2023-12-07 12:34:10 
[info] Server is running!
API documentation: http://localhost:10000/doc, 2023-12-07 12:34:10 
[info] Connect to mongoDb Server: ac-2zusv6v-shard-00-00.lq7uklz.mongodb.net, 2023-12-07 12:34:11 
[info] Successfully created you task!, 2023-12-07 12:34:42 
[info] Server is started running, You are listening the port: 10000, 2023-12-07 12:37:11 
[info] Server is running!
API documentation: http://localhost:10000/doc, 2023-12-07 12:37:11 
[info] Connect to mongoDb Server: ac-2zusv6v-shard-00-00.lq7uklz.mongodb.net, 2023-12-07 12:37:24 
[info] Server is started running, You are listening the port: 10000, 2023-12-07 12:39:33 
[info] Server is running!
API documentation: http://localhost:10000/doc, 2023-12-07 12:39:33 
[info] Server is started running, You are listening the port: 10000, 2023-12-07 12:39:36 
[info] Server is running!
API documentation: http://localhost:10000/doc, 2023-12-07 12:39:36 
[info] Connect to mongoDb Server: ac-2zusv6v-shard-00-02.lq7uklz.mongodb.net, 2023-12-07 12:39:36 
[info] Server is started running, You are listening the port: 10000, 2023-12-07 12:39:43 
[info] Server is running!
API documentation: http://localhost:10000/doc, 2023-12-07 12:39:43 
[info] Connect to mongoDb Server: ac-2zusv6v-shard-00-02.lq7uklz.mongodb.net, 2023-12-07 12:39:47 
[info] Server is started running, You are listening the port: 10000, 2023-12-07 12:41:07 
[info] Server is running!
API documentation: http://localhost:10000/doc, 2023-12-07 12:41:07 
[info] Connect to mongoDb Server: ac-2zusv6v-shard-00-00.lq7uklz.mongodb.net, 2023-12-07 12:41:08 
[info] Server is started running, You are listening the port: 10000, 2023-12-07 12:41:54 
[info] Server is running!
API documentation: http://localhost:10000/doc, 2023-12-07 12:41:54 
[info] Connect to mongoDb Server: ac-2zusv6v-shard-00-02.lq7uklz.mongodb.net, 2023-12-07 12:41:55 
[info] Server is started running, You are listening the port: 10000, 2023-12-07 12:42:22 
[info] Server is running!
API documentation: http://localhost:10000/doc, 2023-12-07 12:42:22 
[info] Connect to mongoDb Server: ac-2zusv6v-shard-00-00.lq7uklz.mongodb.net, 2023-12-07 12:42:24 
[info] Server is started running, You are listening the port: 10000, 2023-12-07 12:48:46 
[info] Server is running!
API documentation: http://localhost:10000/doc, 2023-12-07 12:48:46 
[info] Connect to mongoDb Server: ac-2zusv6v-shard-00-00.lq7uklz.mongodb.net, 2023-12-07 12:48:47 
[info] Server is started running, You are listening the port: 10000, 2023-12-07 12:51:15 
[info] Server is running!
API documentation: http://localhost:10000/doc, 2023-12-07 12:51:15 
[info] Connect to mongoDb Server: ac-2zusv6v-shard-00-00.lq7uklz.mongodb.net, 2023-12-07 12:51:16 
[info] Server is started running, You are listening the port: 10000, 2023-12-07 12:52:41 
[info] Server is running!
API documentation: http://localhost:10000/doc, 2023-12-07 12:52:41 
[info] Connect to mongoDb Server: ac-2zusv6v-shard-00-00.lq7uklz.mongodb.net, 2023-12-07 12:52:43 
[info] Successfully created you task!, 2023-12-07 12:53:27 
[info] Server is started running, You are listening the port: 10000, 2023-12-07 12:55:10 
[info] Server is running!
API documentation: http://localhost:10000/doc, 2023-12-07 12:55:11 
[info] Connect to mongoDb Server: ac-2zusv6v-shard-00-00.lq7uklz.mongodb.net, 2023-12-07 12:55:11 
[info] Server is started running, You are listening the port: 10000, 2023-12-07 13:00:00 
[info] Server is running!
API documentation: http://localhost:10000/doc, 2023-12-07 13:00:00 
[info] Connect to mongoDb Server: ac-2zusv6v-shard-00-00.lq7uklz.mongodb.net, 2023-12-07 13:00:01 
[info] Server is started running, You are listening the port: 10000, 2023-12-07 13:00:37 
[info] Server is running!
API documentation: http://localhost:10000/doc, 2023-12-07 13:00:37 
[info] Connect to mongoDb Server: ac-2zusv6v-shard-00-02.lq7uklz.mongodb.net, 2023-12-07 13:00:38 
[info] Successfully created you task!, 2023-12-07 13:01:19 
[info] Successfully created you task!, 2023-12-07 13:05:02 
[info] All task have been responded!, 2023-12-07 13:05:49 
[info] Successfully created you task!, 2023-12-07 13:06:46 
[info] Successfully created you task!, 2023-12-07 13:07:43 
[error] Wrong Credentials!!!, 2023-12-07 13:10:53 
[error] User is not Registered!, 2023-12-07 13:11:05 
[error] User is not Registered!, 2023-12-07 13:11:07 
[info] All task have been responded!, 2023-12-07 13:12:14 
[info] All task have been responded!, 2023-12-07 14:04:06 
[info] All task have been responded!, 2023-12-07 14:04:08 
[info] All task have been responded!, 2023-12-07 15:24:57 
[info] Successfully created you task!, 2023-12-07 15:27:56 
[info] Successfully created you task!, 2023-12-07 15:28:28 
[info] Successfully created you task!, 2023-12-07 15:29:11 
[info] Successfully created you task!, 2023-12-07 15:30:02 
[info] Successfully created you task!, 2023-12-07 15:30:07 
[info] Successfully created you task!, 2023-12-07 15:30:19 
[info] Successfully created you task!, 2023-12-07 15:35:15 
[info] Successfully created you task!, 2023-12-07 15:36:08 
[info] All task have been responded!, 2023-12-07 15:37:10 
[info] All task have been responded!, 2023-12-07 17:28:50 
[info] Successfully created you task!, 2023-12-07 17:28:58 
[info] Successfully created you task!, 2023-12-07 17:32:22 
[info] All task have been responded!, 2023-12-07 17:32:25 
[info] All task have been responded!, 2023-12-07 17:55:10 
[info] Successfully created you task!, 2023-12-07 18:02:13 
[info] Successfully created you task!, 2023-12-07 18:02:52 
[info] All task have been responded!, 2023-12-07 18:13:12 
[info] All task have been responded!, 2023-12-07 18:18:27 
[info] All task have been responded!, 2023-12-07 18:22:46 
[info] All task have been responded!, 2023-12-07 18:31:21 
[info] All task have been responded!, 2023-12-07 18:33:54 
[info] All task have been responded!, 2023-12-07 18:38:39 
[info] All task have been responded!, 2023-12-07 18:46:12 
[info] All task have been responded!, 2023-12-07 18:47:30 
[info] All task have been responded!, 2023-12-07 18:49:14 
[info] All task have been responded!, 2023-12-07 18:54:18 
[info] Server is started running, You are listening the port: 10000, 2023-12-07 23:17:44 
[info] Server is running!
API documentation: http://localhost:10000/doc, 2023-12-07 23:17:44 
[info] Connect to mongoDb Server: ac-2zusv6v-shard-00-00.lq7uklz.mongodb.net, 2023-12-07 23:17:45 
[info] All task have been responded!, 2023-12-07 23:26:01 
[info] All task have been responded!, 2023-12-07 23:26:56 
[error] Wrong Credentials!!!, 2023-12-07 23:29:24 
[error] Wrong Credentials!!!, 2023-12-07 23:29:45 
[error] Wrong Credentials!!!, 2023-12-07 23:29:54 
[error] Wrong Credentials!!!, 2023-12-07 23:31:00 
[info] All task have been responded!, 2023-12-07 23:37:24 
[info] All task have been responded!, 2023-12-07 23:41:02 
[info] All task have been responded!, 2023-12-08 00:08:37 
[info] All task have been responded!, 2023-12-08 00:08:57 
[info] All task have been responded!, 2023-12-08 00:14:06 
[info] All task have been responded!, 2023-12-08 00:14:14 
[info] All task have been responded!, 2023-12-08 00:14:17 
[info] All task have been responded!, 2023-12-08 00:18:38 
[info] All task have been responded!, 2023-12-08 00:20:45 
[info] All task have been responded!, 2023-12-08 00:22:17 
[info] All task have been responded!, 2023-12-08 00:22:28 
[info] All task have been responded!, 2023-12-08 00:23:25 
[info] All task have been responded!, 2023-12-08 00:24:26 
[info] All task have been responded!, 2023-12-08 00:25:29 
[info] All task have been responded!, 2023-12-08 00:27:52 
[info] All task have been responded!, 2023-12-08 00:28:26 
[info] All task have been responded!, 2023-12-08 00:29:19 
[info] All task have been responded!, 2023-12-08 00:30:11 
[info] All task have been responded!, 2023-12-08 00:30:22 
[info] All task have been responded!, 2023-12-08 00:35:32 
[info] All task have been responded!, 2023-12-08 00:36:44 
[info] All task have been responded!, 2023-12-08 00:37:05 
[info] All task have been responded!, 2023-12-08 00:37:25 
[info] All task have been responded!, 2023-12-08 00:38:16 
[info] All task have been responded!, 2023-12-08 00:39:03 
[info] All task have been responded!, 2023-12-08 00:39:48 
[info] All task have been responded!, 2023-12-08 00:50:42 
[info] All task have been responded!, 2023-12-08 00:50:55 
[info] All task have been responded!, 2023-12-08 00:51:47 
[info] All task have been responded!, 2023-12-08 00:52:49 
[info] All task have been responded!, 2023-12-08 01:05:19 
[info] All task have been responded!, 2023-12-08 01:07:35 
[info] All task have been responded!, 2023-12-08 01:09:12 
[info] All task have been responded!, 2023-12-08 01:09:29 
[info] All task have been responded!, 2023-12-08 01:11:44 
[info] All task have been responded!, 2023-12-08 01:12:43 
[info] All task have been responded!, 2023-12-08 01:14:23 
[info] All task have been responded!, 2023-12-08 01:14:24 
[info] All task have been responded!, 2023-12-08 01:14:27 
[info] All task have been responded!, 2023-12-08 01:14:30 
[info] All task have been responded!, 2023-12-08 01:15:16 
[info] All task have been responded!, 2023-12-08 01:19:47 
[info] All task have been responded!, 2023-12-08 01:32:33 
[info] All task have been responded!, 2023-12-08 01:32:40 
[info] All task have been responded!, 2023-12-08 01:32:45 
[info] All task have been responded!, 2023-12-08 01:35:18 
[info] All task have been responded!, 2023-12-08 01:35:22 
[info] All task have been responded!, 2023-12-08 01:35:27 
[info] All task have been responded!, 2023-12-08 01:35:30 
[info] All task have been responded!, 2023-12-08 01:35:33 
[info] All task have been responded!, 2023-12-08 01:35:39 
[info] All task have been responded!, 2023-12-08 01:35:45 
[info] All task have been responded!, 2023-12-08 01:35:50 
[info] All task have been responded!, 2023-12-08 01:37:53 
[info] All task have been responded!, 2023-12-08 01:37:56 
[info] All task have been responded!, 2023-12-08 01:40:17 
[info] Successfully created you task!, 2023-12-08 01:42:18 
[info] All task have been responded!, 2023-12-08 01:46:28 
[info] All task have been responded!, 2023-12-08 01:47:18 
[info] All task have been responded!, 2023-12-08 01:48:20 
[info] All task have been responded!, 2023-12-08 01:49:05 
[info] All task have been responded!, 2023-12-08 01:50:26 
[info] All task have been responded!, 2023-12-08 01:50:42 
[info] All task have been responded!, 2023-12-08 01:52:57 
[info] All task have been responded!, 2023-12-08 01:53:40 
[info] All task have been responded!, 2023-12-08 01:55:40 
[info] All task have been responded!, 2023-12-08 01:55:46 
[info] All task have been responded!, 2023-12-08 01:56:12 
[info] All task have been responded!, 2023-12-08 01:56:38 
[info] All task have been responded!, 2023-12-08 01:58:54 
[info] All task have been responded!, 2023-12-08 01:59:19 
[info] All task have been responded!, 2023-12-08 02:00:01 
[info] All task have been responded!, 2023-12-08 02:00:47 
[info] All task have been responded!, 2023-12-08 02:01:48 
[info] All task have been responded!, 2023-12-08 02:03:11 
[info] All task have been responded!, 2023-12-08 02:03:31 
[info] All task have been responded!, 2023-12-08 02:07:57 
[info] All task have been responded!, 2023-12-08 02:08:49 
[info] All task have been responded!, 2023-12-08 02:11:48 
[info] All task have been responded!, 2023-12-08 02:14:42 
[info] All task have been responded!, 2023-12-08 02:19:14 
[info] All task have been responded!, 2023-12-08 02:24:11 
[info] Server is started running, You are listening the port: 10000, 2023-12-08 10:14:51 
[info] Server is running!
API documentation: http://localhost:10000/doc, 2023-12-08 10:14:51 
[info] Connect to mongoDb Server: ac-2zusv6v-shard-00-00.lq7uklz.mongodb.net, 2023-12-08 10:14:52 
[info] All task have been responded!, 2023-12-08 10:15:25 
[info] All task have been responded!, 2023-12-08 10:15:30 
[info] All task have been responded!, 2023-12-08 10:15:31 
[info] All task have been responded!, 2023-12-08 10:15:32 
[info] All task have been responded!, 2023-12-08 10:15:33 
[info] All task have been responded!, 2023-12-08 10:15:40 
[info] Server is started running, You are listening the port: 10000, 2023-12-08 10:38:10 
[info] Server is running!
API documentation: http://localhost:10000/doc, 2023-12-08 10:38:10 
[error] Operation `tasks.find()` buffering timed out after 10000ms, 2023-12-08 10:38:23 
[info] Connect to mongoDb Server: ac-2zusv6v-shard-00-00.lq7uklz.mongodb.net, 2023-12-08 10:38:26 
[info] All task have been responded!, 2023-12-08 10:38:27 
[info] All task have been responded!, 2023-12-08 10:38:33 
[info] All task have been responded!, 2023-12-08 10:38:36 
[info] All task have been responded!, 2023-12-08 10:38:40 
[info] Server is started running, You are listening the port: 10000, 2023-12-08 10:39:08 
[info] Server is running!
API documentation: http://localhost:10000/doc, 2023-12-08 10:39:08 
[info] Connect to mongoDb Server: ac-2zusv6v-shard-00-00.lq7uklz.mongodb.net, 2023-12-08 10:39:08 
[info] All task have been responded!, 2023-12-08 10:44:17 
[info] User Successfully registered!! You can login!, 2023-12-08 11:08:40 
[info] User Successfully registered!! You can login!, 2023-12-08 11:14:10 
[error] User already exists!!, 2023-12-08 11:14:50 
[error] User already exists!!, 2023-12-08 11:18:35 
[error] User already exists!!, 2023-12-08 11:19:26 
[info] Server is started running, You are listening the port: 10000, 2023-12-08 11:26:35 
[info] Server is running!
API documentation: http://localhost:10000/doc, 2023-12-08 11:26:35 
[info] Server is started running, You are listening the port: 10000, 2023-12-08 11:26:37 
[info] Server is running!
API documentation: http://localhost:10000/doc, 2023-12-08 11:26:37 
[info] Connect to mongoDb Server: ac-2zusv6v-shard-00-02.lq7uklz.mongodb.net, 2023-12-08 11:26:37 
[info] Server is started running, You are listening the port: 10000, 2023-12-08 11:27:26 
[info] Server is running!
API documentation: http://localhost:10000/doc, 2023-12-08 11:27:26 
[info] Connect to mongoDb Server: ac-2zusv6v-shard-00-02.lq7uklz.mongodb.net, 2023-12-08 11:27:28 
[error] User already exists!!, 2023-12-08 11:29:53 
[error] User already exists!!, 2023-12-08 11:30:56 
[error] User already exists!!, 2023-12-08 11:30:58 
[error] User already exists!!, 2023-12-08 11:31:00 
[error] Wrong Credentials!!!, 2023-12-08 11:35:06 
[info] All task have been responded!, 2023-12-08 11:39:39 
[info] All task have been responded!, 2023-12-08 11:42:06 
[info] All task have been responded!, 2023-12-08 11:42:44 
[info] All task have been responded!, 2023-12-08 11:43:04 
[info] All task have been responded!, 2023-12-08 11:43:04 
[info] All task have been responded!, 2023-12-08 11:43:10 
[info] All task have been responded!, 2023-12-08 11:43:10 
[info] All task have been responded!, 2023-12-08 11:43:10 
[info] All task have been responded!, 2023-12-08 11:43:11 
[info] All task have been responded!, 2023-12-08 11:43:42 
[info] All task have been responded!, 2023-12-08 11:43:48 
[info] All task have been responded!, 2023-12-08 11:43:49 
[info] All task have been responded!, 2023-12-08 11:43:50 
[info] All task have been responded!, 2023-12-08 11:43:55 
[info] All task have been responded!, 2023-12-08 11:43:56 
[info] All task have been responded!, 2023-12-08 11:43:56 
[info] All task have been responded!, 2023-12-08 11:43:57 
[info] All task have been responded!, 2023-12-08 11:44:57 
[info] All task have been responded!, 2023-12-08 11:44:59 
[info] All task have been responded!, 2023-12-08 11:45:00 
[info] All task have been responded!, 2023-12-08 11:45:01 
[info] All task have been responded!, 2023-12-08 11:45:42 
[info] All task have been responded!, 2023-12-08 11:45:43 
[info] All task have been responded!, 2023-12-08 11:45:43 
[info] All task have been responded!, 2023-12-08 11:52:03 
[info] All task have been responded!, 2023-12-08 12:15:26 
[info] All task have been responded!, 2023-12-08 12:15:32 
[info] All task have been responded!, 2023-12-08 12:16:10 
[info] All task have been responded!, 2023-12-08 12:18:27 
[info] All task have been responded!, 2023-12-08 12:18:28 
[info] All task have been responded!, 2023-12-08 12:18:29 
[info] All task have been responded!, 2023-12-08 12:18:30 
[info] All task have been responded!, 2023-12-08 12:18:31 
[info] All task have been responded!, 2023-12-08 12:18:34 
[info] All task have been responded!, 2023-12-08 12:18:40 
[info] All task have been responded!, 2023-12-08 12:18:42 
[info] All task have been responded!, 2023-12-08 12:18:46 
[info] Server is started running, You are listening the port: 10000, 2023-12-08 12:21:56 
[info] Server is running!
API documentation: http://localhost:10000/doc, 2023-12-08 12:21:56 
[info] Connect to mongoDb Server: ac-2zusv6v-shard-00-00.lq7uklz.mongodb.net, 2023-12-08 12:21:57 
[info] Server is started running, You are listening the port: 10000, 2023-12-08 12:22:02 
[info] Server is running!
API documentation: http://localhost:10000/doc, 2023-12-08 12:22:02 
[info] Connect to mongoDb Server: ac-2zusv6v-shard-00-02.lq7uklz.mongodb.net, 2023-12-08 12:22:02 
[info] Server is started running, You are listening the port: 10000, 2023-12-08 12:25:22 
[info] Server is running!
API documentation: http://localhost:10000/doc, 2023-12-08 12:25:22 
[info] Connect to mongoDb Server: ac-2zusv6v-shard-00-00.lq7uklz.mongodb.net, 2023-12-08 12:25:23 
[info] Server is started running, You are listening the port: 10000, 2023-12-08 12:27:17 
[info] Server is running!
API documentation: http://localhost:10000/doc, 2023-12-08 12:27:17 
[info] Connect to mongoDb Server: ac-2zusv6v-shard-00-00.lq7uklz.mongodb.net, 2023-12-08 12:27:18 
[info] Server is started running, You are listening the port: 10000, 2023-12-08 12:29:16 
[info] Server is running!
API documentation: http://localhost:10000/doc, 2023-12-08 12:29:16 
[info] Connect to mongoDb Server: ac-2zusv6v-shard-00-00.lq7uklz.mongodb.net, 2023-12-08 12:29:17 
[info] Server is started running, You are listening the port: 10000, 2023-12-08 12:29:24 
[info] Server is running!
API documentation: http://localhost:10000/doc, 2023-12-08 12:29:24 
[info] Connect to mongoDb Server: ac-2zusv6v-shard-00-02.lq7uklz.mongodb.net, 2023-12-08 12:29:25 
[info] Server is started running, You are listening the port: 10000, 2023-12-08 12:29:37 
[info] Server is running!
API documentation: http://localhost:10000/doc, 2023-12-08 12:29:37 
[info] Connect to mongoDb Server: ac-2zusv6v-shard-00-02.lq7uklz.mongodb.net, 2023-12-08 12:29:38 
[info] Server is started running, You are listening the port: 10000, 2023-12-08 12:29:52 
[info] Server is running!
API documentation: http://localhost:10000/doc, 2023-12-08 12:29:52 
[info] Connect to mongoDb Server: ac-2zusv6v-shard-00-02.lq7uklz.mongodb.net, 2023-12-08 12:29:53 
[info] Server is started running, You are listening the port: 10000, 2023-12-08 12:29:55 
[info] Server is running!
API documentation: http://localhost:10000/doc, 2023-12-08 12:29:55 
[info] Connect to mongoDb Server: ac-2zusv6v-shard-00-02.lq7uklz.mongodb.net, 2023-12-08 12:29:56 
[info] Server is started running, You are listening the port: 10000, 2023-12-08 12:29:58 
[info] Server is running!
API documentation: http://localhost:10000/doc, 2023-12-08 12:29:58 
[info] Connect to mongoDb Server: ac-2zusv6v-shard-00-02.lq7uklz.mongodb.net, 2023-12-08 12:29:59 
[info] Server is started running, You are listening the port: 10000, 2023-12-08 12:30:04 
[info] Server is running!
API documentation: http://localhost:10000/doc, 2023-12-08 12:30:04 
[info] Server is started running, You are listening the port: 10000, 2023-12-08 12:30:05 
[info] Server is running!
API documentation: http://localhost:10000/doc, 2023-12-08 12:30:05 
[info] Connect to mongoDb Server: ac-2zusv6v-shard-00-02.lq7uklz.mongodb.net, 2023-12-08 12:30:06 
[info] Server is started running, You are listening the port: 10000, 2023-12-08 12:30:09 
[info] Server is running!
API documentation: http://localhost:10000/doc, 2023-12-08 12:30:09 
[info] Server is started running, You are listening the port: 10000, 2023-12-08 12:30:17 
[info] Server is running!
API documentation: http://localhost:10000/doc, 2023-12-08 12:30:17 
[info] Connect to mongoDb Server: ac-2zusv6v-shard-00-00.lq7uklz.mongodb.net, 2023-12-08 12:30:17 
[info] Server is started running, You are listening the port: 10000, 2023-12-08 12:30:24 
[info] Server is running!
API documentation: http://localhost:10000/doc, 2023-12-08 12:30:24 
[info] Connect to mongoDb Server: ac-2zusv6v-shard-00-02.lq7uklz.mongodb.net, 2023-12-08 12:30:24 
[info] Server is started running, You are listening the port: 10000, 2023-12-08 12:30:28 
[info] Server is running!
API documentation: http://localhost:10000/doc, 2023-12-08 12:30:28 
[info] Connect to mongoDb Server: ac-2zusv6v-shard-00-02.lq7uklz.mongodb.net, 2023-12-08 12:30:29 
[info] Server is started running, You are listening the port: 10000, 2023-12-08 12:30:35 
[info] Server is running!
API documentation: http://localhost:10000/doc, 2023-12-08 12:30:35 
[info] Connect to mongoDb Server: ac-2zusv6v-shard-00-02.lq7uklz.mongodb.net, 2023-12-08 12:30:37 
[info] Server is started running, You are listening the port: 10000, 2023-12-08 12:30:54 
[info] Server is running!
API documentation: http://localhost:10000/doc, 2023-12-08 12:30:54 
[info] Connect to mongoDb Server: ac-2zusv6v-shard-00-02.lq7uklz.mongodb.net, 2023-12-08 12:30:55 
[info] Server is started running, You are listening the port: 10000, 2023-12-08 12:31:04 
[info] Server is running!
API documentation: http://localhost:10000/doc, 2023-12-08 12:31:04 
[info] Connect to mongoDb Server: ac-2zusv6v-shard-00-02.lq7uklz.mongodb.net, 2023-12-08 12:31:04 
[info] Server is started running, You are listening the port: 10000, 2023-12-08 12:31:27 
[info] Server is running!
API documentation: http://localhost:10000/doc, 2023-12-08 12:31:27 
[info] Connect to mongoDb Server: ac-2zusv6v-shard-00-00.lq7uklz.mongodb.net, 2023-12-08 12:31:28 
[info] Server is started running, You are listening the port: 10000, 2023-12-08 12:31:31 
[info] Server is running!
API documentation: http://localhost:10000/doc, 2023-12-08 12:31:31 
[info] Connect to mongoDb Server: ac-2zusv6v-shard-00-02.lq7uklz.mongodb.net, 2023-12-08 12:31:32 
[info] Server is started running, You are listening the port: 10000, 2023-12-08 12:31:42 
[info] Server is running!
API documentation: http://localhost:10000/doc, 2023-12-08 12:31:42 
[info] Connect to mongoDb Server: ac-2zusv6v-shard-00-02.lq7uklz.mongodb.net, 2023-12-08 12:31:43 
[info] Server is started running, You are listening the port: 10000, 2023-12-08 12:31:47 
[info] Server is running!
API documentation: http://localhost:10000/doc, 2023-12-08 12:31:47 
[info] Connect to mongoDb Server: ac-2zusv6v-shard-00-02.lq7uklz.mongodb.net, 2023-12-08 12:31:47 
[info] Server is started running, You are listening the port: 10000, 2023-12-08 12:31:52 
[info] Server is running!
API documentation: http://localhost:10000/doc, 2023-12-08 12:31:52 
[info] Connect to mongoDb Server: ac-2zusv6v-shard-00-02.lq7uklz.mongodb.net, 2023-12-08 12:31:53 
[info] Server is started running, You are listening the port: 10000, 2023-12-08 12:32:10 
[info] Server is running!
API documentation: http://localhost:10000/doc, 2023-12-08 12:32:10 
[info] Server is started running, You are listening the port: 10000, 2023-12-08 12:32:11 
[info] Server is running!
API documentation: http://localhost:10000/doc, 2023-12-08 12:32:11 
[info] Connect to mongoDb Server: ac-2zusv6v-shard-00-02.lq7uklz.mongodb.net, 2023-12-08 12:32:14 
[info] All task have been responded!, 2023-12-08 13:09:01 
[info] All task have been responded!, 2023-12-08 13:09:46 
[info] All task have been responded!, 2023-12-08 13:10:00 
[info] All task have been responded!, 2023-12-08 13:10:19 
[info] All task have been responded!, 2023-12-08 13:10:51 
[info] All task have been responded!, 2023-12-08 13:11:21 
[info] All task have been responded!, 2023-12-08 13:37:21 
[info] All task have been responded!, 2023-12-08 13:37:21 
[info] All task have been responded!, 2023-12-08 13:37:33 
[info] All task have been responded!, 2023-12-08 13:37:34 
[info] All task have been responded!, 2023-12-08 13:38:13 
[info] All task have been responded!, 2023-12-08 13:38:13 
[info] All task have been responded!, 2023-12-08 13:40:16 
[info] All task have been responded!, 2023-12-08 13:40:16 
[info] All task have been responded!, 2023-12-08 13:41:52 
[info] All task have been responded!, 2023-12-08 13:41:52 
[info] All task have been responded!, 2023-12-08 13:41:55 
[info] All task have been responded!, 2023-12-08 13:41:55 
[info] All task have been responded!, 2023-12-08 13:49:26 
[info] All task have been responded!, 2023-12-08 13:49:26 
[info] All task have been responded!, 2023-12-08 13:50:08 
[info] All task have been responded!, 2023-12-08 13:50:09 
[info] All task have been responded!, 2023-12-08 13:50:14 
[info] All task have been responded!, 2023-12-08 13:50:14 
[info] All task have been responded!, 2023-12-08 13:54:12 
[info] All task have been responded!, 2023-12-08 13:54:12 
[info] All task have been responded!, 2023-12-08 15:14:30 
[info] All task have been responded!, 2023-12-08 15:14:30 
[info] All task have been responded!, 2023-12-08 15:21:35 
[info] All task have been responded!, 2023-12-08 15:21:35 
[info] All task have been responded!, 2023-12-08 15:32:29 
[info] All task have been responded!, 2023-12-08 15:32:29 
[info] All task have been responded!, 2023-12-08 15:37:34 
[info] All task have been responded!, 2023-12-08 15:37:34 
[info] All task have been responded!, 2023-12-08 15:37:40 
[info] All task have been responded!, 2023-12-08 15:37:40 
[info] All task have been responded!, 2023-12-08 15:37:55 
[info] All task have been responded!, 2023-12-08 15:37:55 
[info] All task have been responded!, 2023-12-08 15:40:05 
[info] All task have been responded!, 2023-12-08 15:40:11 
[info] All task have been responded!, 2023-12-08 15:40:20 
[info] All task have been responded!, 2023-12-08 15:40:20 
[info] All task have been responded!, 2023-12-08 15:41:31 
[info] All task have been responded!, 2023-12-08 15:41:31 
[info] All task have been responded!, 2023-12-08 15:41:52 
[info] All task have been responded!, 2023-12-08 15:41:57 
[info] All task have been responded!, 2023-12-08 15:42:02 
[info] All task have been responded!, 2023-12-08 15:42:20 
[info] All task have been responded!, 2023-12-08 15:42:20 
[info] All task have been responded!, 2023-12-08 15:42:39 
[info] All task have been responded!, 2023-12-08 15:42:44 
[info] All task have been responded!, 2023-12-08 15:42:45 
[info] All task have been responded!, 2023-12-08 15:42:47 
[info] All task have been responded!, 2023-12-08 15:43:28 
[info] All task have been responded!, 2023-12-08 15:43:32 
[info] All task have been responded!, 2023-12-08 15:43:35 
[info] All task have been responded!, 2023-12-08 15:43:48 
[info] All task have been responded!, 2023-12-08 15:45:09 
[info] All task have been responded!, 2023-12-08 15:45:14 
[info] All task have been responded!, 2023-12-08 15:45:48 
[info] All task have been responded!, 2023-12-08 15:45:48 
[info] All task have been responded!, 2023-12-08 15:46:06 
[info] All task have been responded!, 2023-12-08 15:46:06 
[info] All task have been responded!, 2023-12-08 15:46:32 
[info] All task have been responded!, 2023-12-08 15:46:39 
[info] All task have been responded!, 2023-12-08 15:46:39 
[info] All task have been responded!, 2023-12-08 15:47:25 
[info] All task have been responded!, 2023-12-08 15:47:25 
[info] All task have been responded!, 2023-12-08 15:47:59 
[info] All task have been responded!, 2023-12-08 15:47:59 
[info] All task have been responded!, 2023-12-08 15:48:16 
[info] All task have been responded!, 2023-12-08 15:48:16 
[info] All task have been responded!, 2023-12-08 15:50:18 
[info] All task have been responded!, 2023-12-08 15:50:18 
[info] All task have been responded!, 2023-12-08 15:51:22 
[info] All task have been responded!, 2023-12-08 15:51:22 
[info] All task have been responded!, 2023-12-08 15:51:58 
[info] All task have been responded!, 2023-12-08 15:51:58 
[info] All task have been responded!, 2023-12-08 16:01:10 
[info] All task have been responded!, 2023-12-08 16:01:10 
[info] All task have been responded!, 2023-12-08 16:01:52 
[info] All task have been responded!, 2023-12-08 16:01:52 
[info] All task have been responded!, 2023-12-08 16:02:34 
[info] All task have been responded!, 2023-12-08 16:02:34 
[info] All task have been responded!, 2023-12-08 16:04:54 
[info] All task have been responded!, 2023-12-08 16:04:54 
[info] All task have been responded!, 2023-12-08 16:05:36 
[info] All task have been responded!, 2023-12-08 16:05:36 
[info] All task have been responded!, 2023-12-08 16:07:01 
[info] All task have been responded!, 2023-12-08 16:07:01 
[info] All task have been responded!, 2023-12-08 16:07:22 
[info] All task have been responded!, 2023-12-08 16:07:22 
[info] All task have been responded!, 2023-12-08 16:09:18 
[info] All task have been responded!, 2023-12-08 16:09:18 
[info] All task have been responded!, 2023-12-08 16:10:05 
[info] All task have been responded!, 2023-12-08 16:10:05 
[info] All task have been responded!, 2023-12-08 16:12:57 
[info] All task have been responded!, 2023-12-08 16:12:57 
[info] All task have been responded!, 2023-12-08 16:14:17 
[info] All task have been responded!, 2023-12-08 16:14:17 
[info] All task have been responded!, 2023-12-08 16:15:32 
[info] All task have been responded!, 2023-12-08 16:15:32 
[info] All task have been responded!, 2023-12-08 16:16:07 
[info] All task have been responded!, 2023-12-08 16:16:07 
[info] All task have been responded!, 2023-12-08 16:17:08 
[info] All task have been responded!, 2023-12-08 16:17:08 
[info] All task have been responded!, 2023-12-08 16:17:27 
[info] All task have been responded!, 2023-12-08 16:17:27 
[info] All task have been responded!, 2023-12-08 16:21:55 
[info] All task have been responded!, 2023-12-08 16:21:55 
[info] All task have been responded!, 2023-12-08 16:22:37 
[info] All task have been responded!, 2023-12-08 16:22:37 
[info] All task have been responded!, 2023-12-08 16:24:50 
[info] All task have been responded!, 2023-12-08 16:24:50 
[info] All task have been responded!, 2023-12-08 16:25:51 
[info] All task have been responded!, 2023-12-08 16:25:51 
[info] All task have been responded!, 2023-12-08 16:26:35 
[info] All task have been responded!, 2023-12-08 16:26:35 
[info] All task have been responded!, 2023-12-08 16:29:28 
[info] All task have been responded!, 2023-12-08 16:29:28 
[info] All task have been responded!, 2023-12-08 16:30:38 
[info] All task have been responded!, 2023-12-08 16:30:38 
[info] All task have been responded!, 2023-12-08 16:31:55 
[info] All task have been responded!, 2023-12-08 16:31:55 
[info] All task have been responded!, 2023-12-08 16:35:52 
[info] All task have been responded!, 2023-12-08 16:35:52 
[info] All task have been responded!, 2023-12-08 16:38:50 
[info] All task have been responded!, 2023-12-08 16:38:50 
[info] All task have been responded!, 2023-12-08 16:46:07 
[info] All task have been responded!, 2023-12-08 16:46:07 
[info] All task have been responded!, 2023-12-08 16:46:25 
[info] All task have been responded!, 2023-12-08 16:46:26 
[info] All task have been responded!, 2023-12-08 16:52:45 
[info] All task have been responded!, 2023-12-08 16:52:45 
[info] All task have been responded!, 2023-12-08 16:54:54 
[info] All task have been responded!, 2023-12-08 16:54:54 
[info] All task have been responded!, 2023-12-08 16:55:08 
[info] All task have been responded!, 2023-12-08 16:55:08 
[info] All task have been responded!, 2023-12-08 16:55:35 
[info] All task have been responded!, 2023-12-08 16:55:35 
[info] All task have been responded!, 2023-12-08 16:55:48 
[info] All task have been responded!, 2023-12-08 16:55:48 
[info] All task have been responded!, 2023-12-08 16:59:29 
[info] All task have been responded!, 2023-12-08 16:59:29 
[info] All task have been responded!, 2023-12-08 17:02:50 
[info] All task have been responded!, 2023-12-08 17:02:50 
[info] All task have been responded!, 2023-12-08 17:05:19 
[info] All task have been responded!, 2023-12-08 17:05:19 
[info] All task have been responded!, 2023-12-08 17:06:36 
[info] All task have been responded!, 2023-12-08 17:06:36 
[info] All task have been responded!, 2023-12-08 17:07:35 
[info] All task have been responded!, 2023-12-08 17:07:35 
[info] All task have been responded!, 2023-12-08 17:12:01 
[info] All task have been responded!, 2023-12-08 17:12:01 
[info] Server is started running, You are listening the port: 10000, 2023-12-08 17:21:32 
[info] Server is running!
API documentation: http://localhost:10000/doc, 2023-12-08 17:21:32 
[info] Connect to mongoDb Server: ac-2zusv6v-shard-00-00.lq7uklz.mongodb.net, 2023-12-08 17:21:33 
[info] All task have been responded!, 2023-12-08 17:24:53 
[info] All task have been responded!, 2023-12-08 17:24:53 
[info] Task has been deleted from database!, 2023-12-08 17:25:01 
[info] All task have been responded!, 2023-12-08 17:25:12 
[info] All task have been responded!, 2023-12-08 17:25:12 
[info] Task has been deleted from database!, 2023-12-08 17:25:15 
[info] All task have been responded!, 2023-12-08 17:25:25 
[info] All task have been responded!, 2023-12-08 17:25:25 
[info] All task have been responded!, 2023-12-08 17:25:55 
[info] All task have been responded!, 2023-12-08 17:25:55 
[info] Task has been deleted from database!, 2023-12-08 17:25:56 
[info] All task have been responded!, 2023-12-08 17:26:34 
[info] All task have been responded!, 2023-12-08 17:26:34 
[info] All task have been responded!, 2023-12-08 17:26:40 
[info] All task have been responded!, 2023-12-08 17:26:40 
[info] Task has been deleted from database!, 2023-12-08 17:26:43 
[info] All task have been responded!, 2023-12-08 17:27:07 
[info] All task have been responded!, 2023-12-08 17:27:07 
[info] All task have been responded!, 2023-12-08 17:28:42 
[info] All task have been responded!, 2023-12-08 17:28:42 
[info] All task have been responded!, 2023-12-08 17:30:46 
[info] All task have been responded!, 2023-12-08 17:30:46 
[info] All task have been responded!, 2023-12-08 17:31:49 
[info] All task have been responded!, 2023-12-08 17:31:49 
[info] All task have been responded!, 2023-12-08 17:33:08 
[info] All task have been responded!, 2023-12-08 17:33:08 
[info] All task have been responded!, 2023-12-08 17:33:14 
[info] All task have been responded!, 2023-12-08 17:33:14 
[info] Task has been deleted from database!, 2023-12-08 17:33:17 
[info] Task has been deleted from database!, 2023-12-08 17:33:31 
[info] All task have been responded!, 2023-12-08 17:34:16 
[info] All task have been responded!, 2023-12-08 17:34:16 
[info] Task has been deleted from database!, 2023-12-08 17:34:18 
[info] All task have been responded!, 2023-12-08 17:34:40 
[info] All task have been responded!, 2023-12-08 17:34:40 
[info] Task has been deleted from database!, 2023-12-08 17:34:45 
[info] All task have been responded!, 2023-12-08 17:35:16 
[info] All task have been responded!, 2023-12-08 17:35:16 
[info] Task has been deleted from database!, 2023-12-08 17:37:07 
[info] All task have been responded!, 2023-12-08 17:37:17 
[info] All task have been responded!, 2023-12-08 17:37:17 
[info] All task have been responded!, 2023-12-08 18:18:00 
[info] All task have been responded!, 2023-12-08 18:18:00 
[info] Task has been deleted from database!, 2023-12-08 18:18:07 
[info] All task have been responded!, 2023-12-08 18:18:27 
[info] All task have been responded!, 2023-12-08 18:18:27 
[info] Task has been deleted from database!, 2023-12-08 18:18:31 
[info] All task have been responded!, 2023-12-08 18:20:40 
[info] All task have been responded!, 2023-12-08 18:20:40 
[info] All task have been responded!, 2023-12-08 18:20:57 
[info] All task have been responded!, 2023-12-08 18:21:06 
[info] All task have been responded!, 2023-12-08 18:23:05 
[info] All task have been responded!, 2023-12-08 18:23:06 
[info] Task has been deleted from database!, 2023-12-08 18:23:08 
[info] You have no any current Task!, 2023-12-08 18:23:10 
[info] You have no any current Task!, 2023-12-08 18:23:10 
[info] You have no any current Task!, 2023-12-08 18:23:20 
[info] You have no any current Task!, 2023-12-08 18:23:21 
[info] You have no any current Task!, 2023-12-08 18:23:42 
[info] Successfully created you task!, 2023-12-08 18:23:57 
[info] Successfully created you task!, 2023-12-08 18:24:01 
[info] Successfully created you task!, 2023-12-08 18:24:03 
[info] Successfully created you task!, 2023-12-08 18:24:06 
[info] All task have been responded!, 2023-12-08 18:24:08 
[info] All task have been responded!, 2023-12-08 18:24:08 
[info] All task have been responded!, 2023-12-08 18:24:12 
[info] All task have been responded!, 2023-12-08 18:24:13 
[info] Task has been deleted from database!, 2023-12-08 18:24:31 
[info] All task have been responded!, 2023-12-08 18:25:47 
[info] All task have been responded!, 2023-12-08 18:25:47 
[info] All task have been responded!, 2023-12-08 18:26:07 
[info] Task has been deleted from database!, 2023-12-08 18:26:24 
[info] All task have been responded!, 2023-12-08 18:26:29 
[info] All task have been responded!, 2023-12-08 18:26:29 
[info] Task has been deleted from database!, 2023-12-08 18:26:58 
[info] All task have been responded!, 2023-12-08 18:27:00 
[info] All task have been responded!, 2023-12-08 18:27:00 
[info] All task have been responded!, 2023-12-08 18:28:21 
[info] All task have been responded!, 2023-12-08 18:28:21 
[info] Task has been deleted from database!, 2023-12-08 18:28:23 
[info] You have no any current Task!, 2023-12-08 18:28:28 
[info] You have no any current Task!, 2023-12-08 18:28:47 
[info] You have no any current Task!, 2023-12-08 18:28:47 
[info] Successfully created you task!, 2023-12-08 18:29:02 
[info] Successfully created you task!, 2023-12-08 18:29:04 
[info] Successfully created you task!, 2023-12-08 18:29:07 
[info] Successfully created you task!, 2023-12-08 18:29:07 
[info] Successfully created you task!, 2023-12-08 18:29:08 
[info] Successfully created you task!, 2023-12-08 18:29:08 
[info] Successfully created you task!, 2023-12-08 18:29:09 
[info] Successfully created you task!, 2023-12-08 18:29:09 
[info] Successfully created you task!, 2023-12-08 18:29:10 
[info] Successfully created you task!, 2023-12-08 18:29:10 
[info] Successfully created you task!, 2023-12-08 18:29:10 
[info] Successfully created you task!, 2023-12-08 18:29:10 
[info] All task have been responded!, 2023-12-08 18:29:13 
[info] All task have been responded!, 2023-12-08 18:29:13 
[info] All task have been responded!, 2023-12-08 18:29:18 
[info] All task have been responded!, 2023-12-08 18:29:18 
[info] Task has been deleted from database!, 2023-12-08 18:29:22 
[info] All task have been responded!, 2023-12-08 18:29:25 
[info] Task has been deleted from database!, 2023-12-08 18:29:33 
[info] Task has been deleted from database!, 2023-12-08 18:29:56 
[info] All task have been responded!, 2023-12-08 18:30:09 
[info] All task have been responded!, 2023-12-08 18:30:09 
[info] All task have been responded!, 2023-12-08 18:33:18 
[info] All task have been responded!, 2023-12-08 18:36:01 
[info] All task have been responded!, 2023-12-08 18:36:01 
[info] Task has been deleted from database!, 2023-12-08 18:36:03 
[info] All task have been responded!, 2023-12-08 18:36:04 
[info] Task has been deleted from database!, 2023-12-08 18:36:09 
[info] All task have been responded!, 2023-12-08 18:36:10 
[info] Task has been deleted from database!, 2023-12-08 18:36:14 
[info] All task have been responded!, 2023-12-08 18:36:15 
[info] Task has been deleted from database!, 2023-12-08 18:36:17 
[info] All task have been responded!, 2023-12-08 18:36:19 
[info] Task has been deleted from database!, 2023-12-08 18:36:21 
[info] All task have been responded!, 2023-12-08 18:36:22 
[info] All task have been responded!, 2023-12-08 18:36:37 
[info] All task have been responded!, 2023-12-08 18:36:37 
[info] All task have been responded!, 2023-12-08 18:37:27 
[info] All task have been responded!, 2023-12-08 18:37:27 
[info] All task have been responded!, 2023-12-08 18:38:32 
[info] All task have been responded!, 2023-12-08 18:38:33 
[info] All task have been responded!, 2023-12-08 18:38:47 
[info] All task have been responded!, 2023-12-08 18:38:47 
[info] All task have been responded!, 2023-12-08 18:39:33 
[info] All task have been responded!, 2023-12-08 18:39:33 
[info] Task has been deleted from database!, 2023-12-08 18:42:09 
[info] All task have been responded!, 2023-12-08 18:42:11 
[info] All task have been responded!, 2023-12-08 18:42:34 
[info] All task have been responded!, 2023-12-08 18:42:34 
[info] All task have been responded!, 2023-12-08 18:48:41 
[info] All task have been responded!, 2023-12-08 18:48:41 
[info] All task have been responded!, 2023-12-08 18:49:15 
[info] All task have been responded!, 2023-12-08 18:49:15 
[info] All task have been responded!, 2023-12-08 18:49:48 
[info] All task have been responded!, 2023-12-08 18:49:48 
[info] All task have been responded!, 2023-12-08 18:53:18 
[info] All task have been responded!, 2023-12-08 18:53:18 
[info] Server is started running, You are listening the port: 10000, 2023-12-09 11:29:42 
[info] Server is running!
API documentation: http://localhost:10000/doc, 2023-12-09 11:29:42 
[info] Connect to mongoDb Server: ac-2zusv6v-shard-00-02.lq7uklz.mongodb.net, 2023-12-09 11:29:43 
[info] All task have been responded!, 2023-12-09 11:29:54 
[info] All task have been responded!, 2023-12-09 11:29:54 
[info] Task has been deleted from database!, 2023-12-09 11:29:58 
[info] All task have been responded!, 2023-12-09 11:30:00 
[info] All task have been responded!, 2023-12-09 12:11:56 
[info] All task have been responded!, 2023-12-09 12:11:56 
[info] Server is started running, You are listening the port: 10000, 2023-12-09 12:15:52 
[info] Server is running!
API documentation: http://localhost:10000/doc, 2023-12-09 12:15:52 
[info] Connect to mongoDb Server: ac-2zusv6v-shard-00-01.lq7uklz.mongodb.net, 2023-12-09 12:15:53 
[info] All task have been responded!, 2023-12-09 12:34:07 
[info] All task have been responded!, 2023-12-09 12:34:07 
[info] Successfully created you task!, 2023-12-09 12:34:16 
[info] Successfully created you task!, 2023-12-09 12:35:08 
[info] All task have been responded!, 2023-12-09 12:36:35 
[info] All task have been responded!, 2023-12-09 12:36:35 
[info] All task have been responded!, 2023-12-09 12:36:38 
[info] All task have been responded!, 2023-12-09 12:36:38 
[info] All task have been responded!, 2023-12-09 12:37:25 
[info] All task have been responded!, 2023-12-09 12:37:25 
[info] All task have been responded!, 2023-12-09 12:40:27 
[info] All task have been responded!, 2023-12-09 12:40:27 
[info] All task have been responded!, 2023-12-09 12:43:54 
[info] All task have been responded!, 2023-12-09 12:43:54 
[info] All task have been responded!, 2023-12-09 12:46:19 
[info] All task have been responded!, 2023-12-09 12:46:19 
[info] All task have been responded!, 2023-12-09 12:48:31 
[info] All task have been responded!, 2023-12-09 12:48:31 
[info] All task have been responded!, 2023-12-09 12:48:51 
[info] All task have been responded!, 2023-12-09 12:48:51 
[info] Task has been deleted from database!, 2023-12-09 12:49:16 
[info] All task have been responded!, 2023-12-09 12:49:17 
[info] Task has been deleted from database!, 2023-12-09 12:49:20 
[info] All task have been responded!, 2023-12-09 12:49:21 
[info] All task have been responded!, 2023-12-09 12:49:39 
[info] All task have been responded!, 2023-12-09 12:49:39 
[info] Successfully created you task!, 2023-12-09 12:49:44 
[info] All task have been responded!, 2023-12-09 12:49:47 
[info] All task have been responded!, 2023-12-09 12:49:47 
[info] All task have been responded!, 2023-12-09 12:50:21 
[info] All task have been responded!, 2023-12-09 12:50:21 
[info] All task have been responded!, 2023-12-09 12:50:32 
[info] All task have been responded!, 2023-12-09 12:50:32 
[info] All task have been responded!, 2023-12-09 12:52:20 
[info] All task have been responded!, 2023-12-09 12:52:20 
[info] All task have been responded!, 2023-12-09 13:42:33 
[info] All task have been responded!, 2023-12-09 13:42:33 
[info] All task have been responded!, 2023-12-09 13:42:51 
[info] All task have been responded!, 2023-12-09 13:42:51 
[info] All task have been responded!, 2023-12-09 13:42:55 
[info] All task have been responded!, 2023-12-09 13:42:55 
[info] All task have been responded!, 2023-12-09 13:43:07 
[info] All task have been responded!, 2023-12-09 13:43:07 
[info] All task have been responded!, 2023-12-09 13:43:31 
[info] All task have been responded!, 2023-12-09 13:43:31 
[info] All task have been responded!, 2023-12-09 13:43:34 
[info] All task have been responded!, 2023-12-09 13:43:34 
[info] All task have been responded!, 2023-12-09 13:43:37 
[info] All task have been responded!, 2023-12-09 13:43:38 
[info] All task have been responded!, 2023-12-09 13:51:36 
[info] All task have been responded!, 2023-12-09 13:51:36 
[info] All task have been responded!, 2023-12-09 13:56:41 
[info] All task have been responded!, 2023-12-09 13:56:41 
[info] All task have been responded!, 2023-12-09 13:56:57 
[info] All task have been responded!, 2023-12-09 13:56:57 
[info] All task have been responded!, 2023-12-09 14:09:30 
[info] All task have been responded!, 2023-12-09 14:09:30 
[info] All task have been responded!, 2023-12-09 14:13:41 
[info] All task have been responded!, 2023-12-09 14:13:41 
[info] All task have been responded!, 2023-12-09 14:53:12 
[info] All task have been responded!, 2023-12-09 14:53:12 
[info] All task have been responded!, 2023-12-09 15:08:24 
[info] All task have been responded!, 2023-12-09 15:08:24 
[info] All task have been responded!, 2023-12-09 15:09:14 
[info] All task have been responded!, 2023-12-09 15:09:14 
[info] Successfully created you task!, 2023-12-09 15:10:12 
[info] Successfully created you task!, 2023-12-09 15:10:34 
[info] All task have been responded!, 2023-12-09 15:10:37 
[info] All task have been responded!, 2023-12-09 15:10:37 
[info] All task have been responded!, 2023-12-09 15:10:55 
[info] All task have been responded!, 2023-12-09 15:10:55 
[info] All task have been responded!, 2023-12-09 15:11:10 
[info] All task have been responded!, 2023-12-09 15:11:10 
[info] All task have been responded!, 2023-12-09 15:11:16 
[info] All task have been responded!, 2023-12-09 15:11:16 
[info] All task have been responded!, 2023-12-09 15:11:20 
[info] All task have been responded!, 2023-12-09 15:11:20 
[info] All task have been responded!, 2023-12-09 15:11:24 
[info] All task have been responded!, 2023-12-09 15:11:24 
[info] All task have been responded!, 2023-12-09 15:11:35 
[info] All task have been responded!, 2023-12-09 15:11:35 
[info] All task have been responded!, 2023-12-09 15:12:18 
[info] All task have been responded!, 2023-12-09 15:12:18 
[info] All task have been responded!, 2023-12-09 15:12:31 
[info] All task have been responded!, 2023-12-09 15:12:31 
[info] All task have been responded!, 2023-12-09 15:13:06 
[info] All task have been responded!, 2023-12-09 15:13:06 
[info] All task have been responded!, 2023-12-09 15:19:19 
[info] All task have been responded!, 2023-12-09 15:19:19 
[info] All task have been responded!, 2023-12-09 15:28:32 
[info] All task have been responded!, 2023-12-09 15:28:32 
[info] All task have been responded!, 2023-12-09 15:29:16 
[info] All task have been responded!, 2023-12-09 15:29:16 
[info] All task have been responded!, 2023-12-09 15:29:25 
[info] All task have been responded!, 2023-12-09 15:29:25 
[info] All task have been responded!, 2023-12-09 15:34:27 
[info] All task have been responded!, 2023-12-09 15:34:27 
[info] Server is started running, You are listening the port: 10000, 2023-12-09 15:42:31 
[info] Server is running!
API documentation: http://localhost:10000/doc, 2023-12-09 15:42:31 
[info] Connect to mongoDb Server: ac-2zusv6v-shard-00-02.lq7uklz.mongodb.net, 2023-12-09 15:42:32 
[info] Server is started running, You are listening the port: 3000, 2023-12-09 15:44:47 
[info] Server is running!
API documentation: http://localhost:10000/doc, 2023-12-09 15:44:47 
[info] Connect to mongoDb Server: ac-2zusv6v-shard-00-00.lq7uklz.mongodb.net, 2023-12-09 15:44:48 
[info] Server is started running, You are listening the port: 10000, 2023-12-09 15:49:19 
[info] Server is running!
API documentation: http://localhost:10000/doc, 2023-12-09 15:49:19 
[info] Connect to mongoDb Server: ac-2zusv6v-shard-00-00.lq7uklz.mongodb.net, 2023-12-09 15:49:25 
[info] All task have been responded!, 2023-12-09 15:50:17 
[info] All task have been responded!, 2023-12-09 15:50:24 
[info] All task have been responded!, 2023-12-09 15:50:24 
[info] Server is started running, You are listening the port: 10000, 2023-12-11 10:12:55 
[info] Server is running!
API documentation: http://localhost:10000/doc, 2023-12-11 10:12:55 
[info] Connect to mongoDb Server: ac-2zusv6v-shard-00-00.lq7uklz.mongodb.net, 2023-12-11 10:12:56 
[info] All task have been responded!, 2023-12-11 10:14:29 
[info] All task have been responded!, 2023-12-11 10:14:29 
[info] All task have been responded!, 2023-12-11 10:14:37 
[info] All task have been responded!, 2023-12-11 10:14:37 
[info] All task have been responded!, 2023-12-11 10:24:31 
[info] All task have been responded!, 2023-12-11 10:24:31 
[info] Successfully created you task!, 2023-12-11 10:24:36 
[info] Successfully created you task!, 2023-12-11 10:24:49 
[info] All task have been responded!, 2023-12-11 10:31:18 
[info] All task have been responded!, 2023-12-11 10:31:18 
[info] Successfully created you task!, 2023-12-11 10:31:25 
[info] Successfully created you task!, 2023-12-11 10:32:54 
[info] All task have been responded!, 2023-12-11 10:35:01 
[info] All task have been responded!, 2023-12-11 10:35:01 
[info] Task has been deleted from database!, 2023-12-11 10:36:05 
[info] All task have been responded!, 2023-12-11 10:36:08 
[info] All task have been responded!, 2023-12-11 10:37:35 
[info] All task have been responded!, 2023-12-11 10:37:35 
[info] All task have been responded!, 2023-12-11 10:38:06 
[info] All task have been responded!, 2023-12-11 10:38:06 
[info] All task have been responded!, 2023-12-11 10:38:40 
[info] All task have been responded!, 2023-12-11 10:38:40 
[info] All task have been responded!, 2023-12-11 10:38:54 
[info] All task have been responded!, 2023-12-11 10:38:54 
[info] Task has been deleted from database!, 2023-12-11 10:38:58 
[info] All task have been responded!, 2023-12-11 10:39:02 
[info] All task have been responded!, 2023-12-11 10:39:19 
[info] All task have been responded!, 2023-12-11 10:39:19 
[info] All task have been responded!, 2023-12-11 10:50:23 
[info] All task have been responded!, 2023-12-11 10:50:23 
[info] All task have been responded!, 2023-12-11 10:52:30 
[info] All task have been responded!, 2023-12-11 10:52:30 
[info] All task have been responded!, 2023-12-11 10:53:09 
[info] All task have been responded!, 2023-12-11 10:53:10 
[info] All task have been responded!, 2023-12-11 10:53:24 
[info] All task have been responded!, 2023-12-11 10:53:24 
[info] All task have been responded!, 2023-12-11 10:54:44 
[info] All task have been responded!, 2023-12-11 10:54:44 
[info] Server is started running, You are listening the port: 10000, 2023-12-11 11:03:19 
[info] Server is running!
API documentation: http://localhost:10000/doc, 2023-12-11 11:03:19 
[info] Connect to mongoDb Server: ac-2zusv6v-shard-00-00.lq7uklz.mongodb.net, 2023-12-11 11:03:21 
[info] All task have been responded!, 2023-12-11 11:03:23 
[info] All task have been responded!, 2023-12-11 11:03:23 
[info] All task have been responded!, 2023-12-11 11:03:59 
[info] All task have been responded!, 2023-12-11 11:03:59 
[info] Successfully created you task!, 2023-12-11 11:04:04 
[info] All task have been responded!, 2023-12-11 11:05:12 
[info] All task have been responded!, 2023-12-11 11:05:12 
[info] All task have been responded!, 2023-12-11 11:05:20 
[info] All task have been responded!, 2023-12-11 11:05:20 
[info] All task have been responded!, 2023-12-11 11:20:38 
[info] All task have been responded!, 2023-12-11 11:20:39 
[info] All task have been responded!, 2023-12-11 11:32:51 
[info] All task have been responded!, 2023-12-11 11:32:51 
[info] All task have been responded!, 2023-12-11 11:32:55 
[info] All task have been responded!, 2023-12-11 11:32:55 
[info] All task have been responded!, 2023-12-11 11:33:57 
[info] All task have been responded!, 2023-12-11 11:33:57 
[info] All task have been responded!, 2023-12-11 11:35:39 
[info] All task have been responded!, 2023-12-11 11:35:39 
[info] All task have been responded!, 2023-12-11 11:38:39 
[info] All task have been responded!, 2023-12-11 11:38:39 
[info] All task have been responded!, 2023-12-11 11:39:08 
[info] All task have been responded!, 2023-12-11 11:39:08 
[info] All task have been responded!, 2023-12-11 11:39:12 
[info] All task have been responded!, 2023-12-11 11:39:12 
[info] All task have been responded!, 2023-12-11 11:39:32 
[info] All task have been responded!, 2023-12-11 11:39:32 
[info] All task have been responded!, 2023-12-11 11:39:57 
[info] All task have been responded!, 2023-12-11 11:39:57 
[info] All task have been responded!, 2023-12-11 11:40:16 
[info] All task have been responded!, 2023-12-11 11:40:16 
[info] All task have been responded!, 2023-12-11 11:40:18 
[info] All task have been responded!, 2023-12-11 11:40:18 
[info] All task have been responded!, 2023-12-11 11:40:53 
[info] All task have been responded!, 2023-12-11 11:40:53 
[info] All task have been responded!, 2023-12-11 11:47:14 
[info] All task have been responded!, 2023-12-11 11:47:14 
[info] All task have been responded!, 2023-12-11 11:47:43 
[info] All task have been responded!, 2023-12-11 11:47:43 
[info] All task have been responded!, 2023-12-11 11:55:58 
[info] All task have been responded!, 2023-12-11 11:55:58 
[info] All task have been responded!, 2023-12-11 11:57:18 
[info] All task have been responded!, 2023-12-11 11:57:18 
[info] All task have been responded!, 2023-12-11 12:06:57 
[info] All task have been responded!, 2023-12-11 12:06:57 
[info] All task have been responded!, 2023-12-11 12:07:49 
[info] All task have been responded!, 2023-12-11 12:07:49 
[info] All task have been responded!, 2023-12-11 12:07:51 
[info] All task have been responded!, 2023-12-11 12:07:51 
[info] All task have been responded!, 2023-12-11 12:10:56 
[info] All task have been responded!, 2023-12-11 12:10:56 
[info] Recored successfully has been updated!, 2023-12-11 12:11:09 
[info] All task have been responded!, 2023-12-11 12:11:34 
[info] All task have been responded!, 2023-12-11 12:11:34 
[info] All task have been responded!, 2023-12-11 12:11:39 
[info] All task have been responded!, 2023-12-11 12:11:39 
[info] Recored successfully has been updated!, 2023-12-11 12:12:32 
[info] Recored successfully has been updated!, 2023-12-11 12:13:00 
[info] Recored successfully has been updated!, 2023-12-11 12:14:01 
[info] All task have been responded!, 2023-12-11 12:14:11 
[info] All task have been responded!, 2023-12-11 12:14:11 
[info] All task have been responded!, 2023-12-11 12:14:24 
[info] All task have been responded!, 2023-12-11 12:14:24 
[info] Recored successfully has been updated!, 2023-12-11 12:14:30 
[info] All task have been responded!, 2023-12-11 12:14:35 
[info] All task have been responded!, 2023-12-11 12:14:35 
[info] All task have been responded!, 2023-12-11 12:14:46 
[info] All task have been responded!, 2023-12-11 12:14:46 
[info] All task have been responded!, 2023-12-11 12:16:05 
[info] All task have been responded!, 2023-12-11 12:16:06 
[info] All task have been responded!, 2023-12-11 12:16:18 
[info] All task have been responded!, 2023-12-11 12:16:18 
[info] Successfully created you task!, 2023-12-11 12:16:23 
[error] Wrong Credentials!!!, 2023-12-11 12:16:48 
[error] Wrong Credentials!!!, 2023-12-11 12:16:52 
[error] Wrong Credentials!!!, 2023-12-11 12:16:54 
[error] Wrong Credentials!!!, 2023-12-11 12:17:40 
[error] Wrong Credentials!!!, 2023-12-11 12:18:08 
[error] Wrong Credentials!!!, 2023-12-11 12:18:28 
[error] Wrong Credentials!!!, 2023-12-11 12:19:00 
[error] Form Validation Error Occured, 2023-12-11 12:19:10 
[error] [object Object],[object Object], 2023-12-11 12:19:10 
[error] Wrong Credentials!!!, 2023-12-11 12:20:21 
[error] Wrong Credentials!!!, 2023-12-11 12:21:28 
[error] User is not Registered!, 2023-12-11 12:21:53 
[error] Wrong Credentials!!!, 2023-12-11 12:24:57 
[error] User is not Registered!, 2023-12-11 12:25:21 
[error] Wrong Credentials!!!, 2023-12-11 12:25:40 
[error] Wrong Credentials!!!, 2023-12-11 12:29:40 
[error] User is not Registered!, 2023-12-11 12:29:48 
[info] Server is started running, You are listening the port: 10000, 2023-12-11 12:30:07 
[info] Server is running!
API documentation: http://localhost:10000/doc, 2023-12-11 12:30:07 
[info] Connect to mongoDb Server: ac-2zusv6v-shard-00-00.lq7uklz.mongodb.net, 2023-12-11 12:30:07 
[info] User Successfully registered!! You can login!, 2023-12-11 12:35:32 
[error] User already exists!!, 2023-12-11 12:37:53 
[info] User Successfully registered!! You can login!, 2023-12-11 12:38:07 
[info] All task have been responded!, 2023-12-11 12:44:16 
[info] All task have been responded!, 2023-12-11 12:44:21 
[info] Server is started running, You are listening the port: 10000, 2023-12-11 13:17:34 
[info] Server is running!
API documentation: http://localhost:10000/doc, 2023-12-11 13:17:34 
[info] Connect to mongoDb Server: ac-2zusv6v-shard-00-00.lq7uklz.mongodb.net, 2023-12-11 13:17:35 
[info] All task have been responded!, 2023-12-11 13:18:15 
[info] All task have been responded!, 2023-12-11 13:18:15 
[info] Recored successfully has been updated!, 2023-12-11 13:18:24 
[info] All task have been responded!, 2023-12-11 13:18:36 
[info] All task have been responded!, 2023-12-11 13:18:36 
[info] All task have been responded!, 2023-12-11 13:19:42 
[info] All task have been responded!, 2023-12-11 13:19:42 
[info] Recored successfully has been updated!, 2023-12-11 13:19:55 
[info] All task have been responded!, 2023-12-11 13:20:02 
[info] All task have been responded!, 2023-12-11 13:20:02 
[info] All task have been responded!, 2023-12-11 13:20:30 
[info] All task have been responded!, 2023-12-11 13:20:30 
[info] All task have been responded!, 2023-12-11 13:20:49 
[info] All task have been responded!, 2023-12-11 13:20:49 
[info] All task have been responded!, 2023-12-11 13:21:47 
[info] All task have been responded!, 2023-12-11 13:21:47 
[info] All task have been responded!, 2023-12-11 13:22:22 
[info] All task have been responded!, 2023-12-11 13:22:22 
[info] Recored successfully has been updated!, 2023-12-11 13:22:29 
[info] All task have been responded!, 2023-12-11 13:22:34 
[info] All task have been responded!, 2023-12-11 13:22:34 
[info] Recored successfully has been updated!, 2023-12-11 13:22:40 
[info] All task have been responded!, 2023-12-11 13:22:47 
[info] All task have been responded!, 2023-12-11 13:22:47 
[info] Recored successfully has been updated!, 2023-12-11 13:22:53 
[info] All task have been responded!, 2023-12-11 13:22:57 
[info] All task have been responded!, 2023-12-11 13:22:57 
